============================================================
  Generated by:           Genus(TM) Synthesis Solution 20.10-p001_1
  Generated on:           Jul 14 2025  09:56:20 pm
  Module:                 Top
  Operating conditions:   PVT_1P08V_125C 
  Interconnect mode:      global
  Area mode:              timing library
============================================================

                                   Leakage  
    Gate     Instances    Area   Power (nW)     Library    
-----------------------------------------------------------
ADDHX1              28   105.336      3.919    slow_vdd1v2 
AND2X1              13    17.784      0.801    slow_vdd1v2 
AO22X1              20    54.720      1.377    slow_vdd1v2 
AOI221X1            18    43.092      1.796    slow_vdd1v2 
AOI221X2             2     8.892      0.397    slow_vdd1v2 
AOI22X1            414   849.528     31.753    slow_vdd1v2 
AOI2BB2X1            2     6.840      0.218    slow_vdd1v2 
CLKAND2X12           8    60.192      5.229    slow_vdd1v2 
CLKINVX4            12    20.520      1.739    slow_vdd1v2 
CLKXOR2X1            1     2.736      0.089    slow_vdd1v2 
DFFHQX1            800  4377.600    162.710    slow_vdd1v2 
DFFRHQX1             4    24.624      0.889    slow_vdd1v2 
DFFRHQX8            25   282.150     15.622    slow_vdd1v2 
DFFRX1               1     6.840      0.219    slow_vdd1v2 
DFFRX2               1     7.524      0.303    slow_vdd1v2 
INVX1               12     8.208      0.400    slow_vdd1v2 
INVXL                1     0.684      0.016    slow_vdd1v2 
NAND2BX2             4     9.576      0.426    slow_vdd1v2 
NAND2X1              7     7.182      0.328    slow_vdd1v2 
NAND2X2              2     3.420      0.180    slow_vdd1v2 
NAND3X1              7    11.970      0.503    slow_vdd1v2 
NAND4X2             92   346.104     17.723    slow_vdd1v2 
NOR2BX1              3     4.104      0.165    slow_vdd1v2 
NOR2X1              31    31.806      0.990    slow_vdd1v2 
NOR2XL               1     1.026      0.019    slow_vdd1v2 
OA21X1               1     2.052      0.065    slow_vdd1v2 
OAI211X1             4     6.840      0.275    slow_vdd1v2 
OAI221X1             4     9.576      0.335    slow_vdd1v2 
OR2X1               18    24.624      0.940    slow_vdd1v2 
OR3X4                2     6.156      0.426    slow_vdd1v2 
OR4X1                5    10.260      0.286    slow_vdd1v2 
TLATNTSCAX2         32   207.936      5.988    slow_vdd1v2 
TLATX1               1     5.472      0.180    slow_vdd1v2 
XNOR2X1             10    23.940      0.967    slow_vdd1v2 
-----------------------------------------------------------
total             1586  6589.314    257.274                


                                                         Leakage  Leakage 
            Type             Instances   Area   Area % Power (nW) Power % 
--------------------------------------------------------------------------
sequential                         832 4704.210   71.4    179.923    69.9 
inverter                            25   29.412    0.4      2.156     0.8 
clock_gating_integrated_cell        32  207.936    3.2      5.988     2.3 
logic                              697 1647.756   25.0     69.207    26.9 
physical_cells                       0    0.000    0.0      0.000     0.0 
--------------------------------------------------------------------------
total                             1586 6589.314  100.0    257.274   100.0 

