============================================================
  Generated by:           Genus(TM) Synthesis Solution 20.10-p001_1
  Generated on:           Jul 14 2025  11:34:23 pm
  Module:                 Top
  Operating conditions:   PVT_1P08V_125C 
  Interconnect mode:      global
  Area mode:              timing library
============================================================

                                   Leakage  
    Gate     Instances    Area   Power (nW)     Library    
-----------------------------------------------------------
ADDHX1              28   105.336      3.919    slow_vdd1v2 
AND2X2               4     6.840      0.346    slow_vdd1v2 
AO22X1               2     5.472      0.139    slow_vdd1v2 
AO22X2              46   141.588      4.775    slow_vdd1v2 
AO22X4              80   300.960     17.719    slow_vdd1v2 
AOI222X2             1     5.472      0.240    slow_vdd1v2 
AOI222X4             1     9.576      0.501    slow_vdd1v2 
AOI22X1              4     8.208      0.311    slow_vdd1v2 
AOI22X2            260   978.120     41.912    slow_vdd1v2 
AOI22X4              1     6.156      0.337    slow_vdd1v2 
AOI2BB1X4            1     4.104      0.277    slow_vdd1v2 
CLKAND2X2           75   153.900      8.460    slow_vdd1v2 
CLKAND2X3           21    64.638      3.893    slow_vdd1v2 
CLKAND2X6           27   129.276     10.382    slow_vdd1v2 
CLKINVX4            23    39.330      3.306    slow_vdd1v2 
CLKINVX6             8    19.152      1.802    slow_vdd1v2 
CLKMX2X3             1     4.104      0.192    slow_vdd1v2 
CLKXOR2X1            5    13.680      0.481    slow_vdd1v2 
CLKXOR2X2           12    41.040      1.590    slow_vdd1v2 
DFFHQX1            764  4180.608    155.392    slow_vdd1v2 
DFFQX1              25   145.350      3.909    slow_vdd1v2 
DFFQX2              11    71.478      2.207    slow_vdd1v2 
DFFRHQX1             3    18.468      0.667    slow_vdd1v2 
DFFRHQX8            25   282.150     15.626    slow_vdd1v2 
DFFRX1               3    20.520      0.657    slow_vdd1v2 
INVX1                5     3.420      0.162    slow_vdd1v2 
INVX2                2     2.052      0.136    slow_vdd1v2 
INVX8                1     3.078      0.304    slow_vdd1v2 
INVXL                1     0.684      0.016    slow_vdd1v2 
NAND2BX1             2     2.736      0.120    slow_vdd1v2 
NAND2BX2             1     2.394      0.102    slow_vdd1v2 
NAND2BX4             2     7.524      0.449    slow_vdd1v2 
NAND2X1              1     1.026      0.043    slow_vdd1v2 
NAND2X2              7    11.970      0.830    slow_vdd1v2 
NAND2X4            100   314.640     27.067    slow_vdd1v2 
NAND2X6             17    77.617      6.536    slow_vdd1v2 
NAND2X8              1     5.250      0.393    slow_vdd1v2 
NAND3X4              3    14.364      1.205    slow_vdd1v2 
NAND3X6              2    14.364      0.839    slow_vdd1v2 
NOR2BX1              1     1.368      0.044    slow_vdd1v2 
NOR2BX2              4    10.944      0.396    slow_vdd1v2 
NOR2X1              33    33.858      1.219    slow_vdd1v2 
NOR2X4              98   301.644     27.975    slow_vdd1v2 
NOR2X6              10    41.040      4.209    slow_vdd1v2 
NOR3X6               2    14.364      0.519    slow_vdd1v2 
NOR4X4               2    12.996      0.912    slow_vdd1v2 
NOR4X6               9    73.872      5.983    slow_vdd1v2 
OR2X1               38    51.984      1.974    slow_vdd1v2 
OR2X2                1     1.710      0.092    slow_vdd1v2 
OR2X6                1     3.762      0.347    slow_vdd1v2 
TLATNTSCAX2         32   207.936      5.984    slow_vdd1v2 
TLATX1               1     5.472      0.180    slow_vdd1v2 
XNOR2X2              7    21.546      0.928    slow_vdd1v2 
XNOR2X4              2     7.524      0.501    slow_vdd1v2 
-----------------------------------------------------------
total             1817  8006.665    368.505                


                                                         Leakage  Leakage 
            Type             Instances   Area   Area % Power (nW) Power % 
--------------------------------------------------------------------------
sequential                         832 4724.046   59.0    178.638    48.5 
inverter                            40   67.716    0.8      5.727     1.6 
clock_gating_integrated_cell        32  207.936    2.6      5.984     1.6 
logic                              913 3006.967   37.6    178.156    48.3 
physical_cells                       0    0.000    0.0      0.000     0.0 
--------------------------------------------------------------------------
total                             1817 8006.665  100.0    368.505   100.0 

