============================================================
  Generated by:           Genus(TM) Synthesis Solution 20.10-p001_1
  Generated on:           Jul 15 2025  12:02:51 am
  Module:                 Top
  Operating conditions:   PVT_1P08V_125C 
  Interconnect mode:      global
  Area mode:              timing library
============================================================

                                    Leakage  
    Gate     Instances    Area    Power (nW)     Library    
------------------------------------------------------------
ADDHX1              28    105.336      3.919    slow_vdd1v2 
AND2X1               1      1.368      0.054    slow_vdd1v2 
AND2X4               1      2.736      0.179    slow_vdd1v2 
AND2X6              15     56.430      4.546    slow_vdd1v2 
AND2X8               1      4.446      0.380    slow_vdd1v2 
AND3X6               2      8.892      0.680    slow_vdd1v2 
AO22X2               2      6.156      0.206    slow_vdd1v2 
AO22X4              22     82.764      4.839    slow_vdd1v2 
AOI21X4              5     25.650      1.327    slow_vdd1v2 
AOI221X4             1      7.866      0.482    slow_vdd1v2 
AOI222X4             1      9.576      0.481    slow_vdd1v2 
AOI22X2              2      7.524      0.304    slow_vdd1v2 
AOI22X4            364   2240.784    119.440    slow_vdd1v2 
BUFX3                2      4.104      0.284    slow_vdd1v2 
CLKAND2X3            6     18.468      1.127    slow_vdd1v2 
CLKAND2X6           43    205.884     16.400    slow_vdd1v2 
CLKINVX12            2      8.208      0.933    slow_vdd1v2 
CLKINVX20            1      6.498      0.786    slow_vdd1v2 
CLKINVX6            10     23.940      2.252    slow_vdd1v2 
CLKMX2X3             1      4.104      0.193    slow_vdd1v2 
CLKXOR2X1            1      2.736      0.089    slow_vdd1v2 
DFFHQX1             99    541.728     20.136    slow_vdd1v2 
DFFHQX2              3     20.520      0.717    slow_vdd1v2 
DFFHQX4            110    902.880     38.081    slow_vdd1v2 
DFFHQX8              1      9.234      0.558    slow_vdd1v2 
DFFQX1              69    401.166     10.788    slow_vdd1v2 
DFFQX2             518   3365.964    103.937    slow_vdd1v2 
DFFRHQX1             4     24.624      0.889    slow_vdd1v2 
DFFRHQX8            25    282.150     15.626    slow_vdd1v2 
DFFRX1               1      6.840      0.219    slow_vdd1v2 
DFFRX2               1      7.524      0.303    slow_vdd1v2 
INVX1                8      5.472      0.264    slow_vdd1v2 
INVX8                3      9.234      0.912    slow_vdd1v2 
INVXL               12      8.208      0.200    slow_vdd1v2 
MXI2X4               1      5.130      0.232    slow_vdd1v2 
NAND2BX1             4      5.472      0.232    slow_vdd1v2 
NAND2BX2             1      2.394      0.107    slow_vdd1v2 
NAND2BX4             6     22.572      1.125    slow_vdd1v2 
NAND2X1              3      3.078      0.113    slow_vdd1v2 
NAND2X2              3      5.130      0.267    slow_vdd1v2 
NAND2X4             20     62.928      4.622    slow_vdd1v2 
NAND2X6             87    397.216     37.268    slow_vdd1v2 
NAND2X8            120    629.964     68.492    slow_vdd1v2 
NAND2XL              1      1.026      0.018    slow_vdd1v2 
NAND3BX4             2     10.260      0.571    slow_vdd1v2 
NAND3X2              3      8.208      0.341    slow_vdd1v2 
NAND3X4              5     23.940      1.218    slow_vdd1v2 
NAND3X6              2     14.364      0.748    slow_vdd1v2 
NAND3X8              4     32.832      2.530    slow_vdd1v2 
NOR2BX1             21     28.728      0.990    slow_vdd1v2 
NOR2BX2              1      2.736      0.105    slow_vdd1v2 
NOR2X1              23     23.598      0.870    slow_vdd1v2 
NOR2X2               4      6.840      0.336    slow_vdd1v2 
NOR2X4              20     61.560      5.075    slow_vdd1v2 
NOR2X6              63    258.552     26.966    slow_vdd1v2 
NOR2X8              46    251.712     25.336    slow_vdd1v2 
NOR2XL               1      1.026      0.019    slow_vdd1v2 
NOR3X8               6     53.352      3.332    slow_vdd1v2 
OAI21X4             15     71.820      4.145    slow_vdd1v2 
OAI2BB1X2            1      3.078      0.116    slow_vdd1v2 
OAI2BB1X4            5     22.230      1.607    slow_vdd1v2 
OR2X1               11     15.048      0.565    slow_vdd1v2 
OR2X2                1      1.710      0.088    slow_vdd1v2 
OR2X6                3     11.286      0.970    slow_vdd1v2 
TLATNTSCAX2         32    207.936      5.984    slow_vdd1v2 
TLATX1               1      5.472      0.180    slow_vdd1v2 
------------------------------------------------------------
total             1881  10670.212    546.097                


                                                          Leakage  Leakage 
            Type             Instances    Area   Area % Power (nW) Power % 
---------------------------------------------------------------------------
sequential                         832  5568.102   52.2    191.434    35.1 
inverter                            36    61.560    0.6      5.347     1.0 
buffer                               2     4.104    0.0      0.284     0.1 
clock_gating_integrated_cell        32   207.936    1.9      5.984     1.1 
logic                              979  4828.510   45.3    343.048    62.8 
physical_cells                       0     0.000    0.0      0.000     0.0 
---------------------------------------------------------------------------
total                             1881 10670.212  100.0    546.097   100.0 

