============================================================
  Generated by:           Genus(TM) Synthesis Solution 20.10-p001_1
  Generated on:           Jul 14 2025  10:29:20 pm
  Module:                 Top
  Operating conditions:   PVT_1P08V_125C 
  Interconnect mode:      global
  Area mode:              timing library
============================================================

                                   Leakage  
    Gate     Instances    Area   Power (nW)     Library    
-----------------------------------------------------------
ADDHX1              28   105.336      3.919    slow_vdd1v2 
AND2X1               7     9.576      0.432    slow_vdd1v2 
AND2X2               2     3.420      0.200    slow_vdd1v2 
AO22X1              46   125.856      3.182    slow_vdd1v2 
AO22X2               6    18.468      0.624    slow_vdd1v2 
AOI221X1             9    21.546      0.870    slow_vdd1v2 
AOI221X2            10    44.460      1.985    slow_vdd1v2 
AOI221X4             3    23.598      1.359    slow_vdd1v2 
AOI22X1            331   679.212     25.440    slow_vdd1v2 
AOI22X2             36   135.432      5.725    slow_vdd1v2 
AOI32X1              1     2.394      0.082    slow_vdd1v2 
CLKAND2X12           5    37.620      3.268    slow_vdd1v2 
CLKAND2X2           15    30.780      1.658    slow_vdd1v2 
CLKINVX4             9    15.390      1.306    slow_vdd1v2 
CLKINVX6             1     2.394      0.229    slow_vdd1v2 
CLKXOR2X1            2     5.472      0.191    slow_vdd1v2 
DFFHQX1            775  4240.800    157.612    slow_vdd1v2 
DFFQX1               3    17.442      0.469    slow_vdd1v2 
DFFQXL              22   120.384      3.085    slow_vdd1v2 
DFFRHQX1             4    24.624      0.887    slow_vdd1v2 
DFFRHQX8            25   282.150     15.609    slow_vdd1v2 
DFFRX1               1     6.840      0.218    slow_vdd1v2 
DFFRX2               1     7.524      0.303    slow_vdd1v2 
INVX1                9     6.156      0.298    slow_vdd1v2 
INVX16               1     5.472      0.624    slow_vdd1v2 
INVX20               2    12.996      1.574    slow_vdd1v2 
INVXL                1     0.684      0.016    slow_vdd1v2 
NAND2BX1             4     5.472      0.214    slow_vdd1v2 
NAND2BX2            11    26.334      1.074    slow_vdd1v2 
NAND2X1              7     7.182      0.312    slow_vdd1v2 
NAND2X2             14    23.940      1.486    slow_vdd1v2 
NAND2X4              5    15.732      1.121    slow_vdd1v2 
NAND3X2              9    24.624      1.358    slow_vdd1v2 
NAND4BBX2            1     5.472      0.226    slow_vdd1v2 
NAND4X2             74   278.388     14.255    slow_vdd1v2 
NOR2BX1              3     4.104      0.165    slow_vdd1v2 
NOR2X1              31    31.806      0.990    slow_vdd1v2 
NOR2X2               2     3.420      0.210    slow_vdd1v2 
NOR2X4              16    49.248      4.372    slow_vdd1v2 
NOR2X6               3    12.312      1.240    slow_vdd1v2 
NOR2XL               1     1.026      0.019    slow_vdd1v2 
OA21X1               1     2.052      0.065    slow_vdd1v2 
OA22X1               2     4.788      0.143    slow_vdd1v2 
OAI211X1             6    10.260      0.420    slow_vdd1v2 
OAI221X1             2     4.788      0.166    slow_vdd1v2 
OAI2BB1X1            1     1.710      0.079    slow_vdd1v2 
OAI2BB1X2            4    12.312      0.575    slow_vdd1v2 
OAI2BB1X4            7    31.122      2.184    slow_vdd1v2 
OR2X1               19    25.992      0.994    slow_vdd1v2 
OR2X2                1     1.710      0.091    slow_vdd1v2 
OR3X4                2     6.156      0.426    slow_vdd1v2 
OR4X1                5    10.260      0.286    slow_vdd1v2 
TLATNTSCAX2         32   207.936      6.000    slow_vdd1v2 
TLATX1               1     5.472      0.179    slow_vdd1v2 
XNOR2X1              9    21.546      0.865    slow_vdd1v2 
-----------------------------------------------------------
total             1628  6821.190    270.681                


                                                         Leakage  Leakage 
            Type             Instances   Area   Area % Power (nW) Power % 
--------------------------------------------------------------------------
sequential                         832 4705.236   69.0    178.362    65.9 
inverter                            23   43.092    0.6      4.048     1.5 
clock_gating_integrated_cell        32  207.936    3.0      6.000     2.2 
logic                              741 1864.926   27.3     82.271    30.4 
physical_cells                       0    0.000    0.0      0.000     0.0 
--------------------------------------------------------------------------
total                             1628 6821.190  100.0    270.681   100.0 

