============================================================
  Generated by:           Genus(TM) Synthesis Solution 20.10-p001_1
  Generated on:           Jul 15 2025  12:10:20 am
  Module:                 Top
  Operating conditions:   PVT_1P08V_125C 
  Interconnect mode:      global
  Area mode:              timing library
============================================================

                                   Leakage  
    Gate     Instances    Area   Power (nW)     Library    
-----------------------------------------------------------
ADDHX1              28   105.336      3.919    slow_vdd1v2 
AO22X2               7    21.546      0.714    slow_vdd1v2 
AO22X4              20    75.240      4.396    slow_vdd1v2 
AOI21X4              1     5.130      0.289    slow_vdd1v2 
AOI222X4             2    19.152      0.943    slow_vdd1v2 
AOI22X1              1     2.052      0.073    slow_vdd1v2 
AOI22X2              3    11.286      0.475    slow_vdd1v2 
AOI22X4            361  2222.316    119.241    slow_vdd1v2 
CLKAND2X3            1     3.078      0.189    slow_vdd1v2 
CLKAND2X6           50   239.400     19.189    slow_vdd1v2 
CLKINVX6            29    69.426      6.532    slow_vdd1v2 
CLKXOR2X1            1     2.736      0.089    slow_vdd1v2 
CLKXOR2X2            2     6.840      0.265    slow_vdd1v2 
DFFHQX1            182   995.904     37.018    slow_vdd1v2 
DFFHQX4              3    24.624      1.039    slow_vdd1v2 
DFFQX1              74   430.236     11.570    slow_vdd1v2 
DFFQX2             536  3482.928    107.548    slow_vdd1v2 
DFFQX4               5    35.910      1.540    slow_vdd1v2 
DFFRHQX1             4    24.624      0.889    slow_vdd1v2 
DFFRHQX8            25   282.150     15.626    slow_vdd1v2 
DFFRX1               1     6.840      0.219    slow_vdd1v2 
DFFRX2               1     7.524      0.303    slow_vdd1v2 
INVX1                2     1.368      0.066    slow_vdd1v2 
INVX2                1     1.026      0.068    slow_vdd1v2 
INVX8                3     9.234      0.912    slow_vdd1v2 
INVXL                1     0.684      0.016    slow_vdd1v2 
NAND2BX1             2     2.736      0.120    slow_vdd1v2 
NAND2BX2             1     2.394      0.102    slow_vdd1v2 
NAND2BX4             7    26.334      1.355    slow_vdd1v2 
NAND2X2              2     3.420      0.175    slow_vdd1v2 
NAND2X4             57   179.345     15.797    slow_vdd1v2 
NAND2X6            128   584.410     55.490    slow_vdd1v2 
NAND2X8             33   173.240     16.121    slow_vdd1v2 
NAND2XL              1     1.026      0.018    slow_vdd1v2 
NAND3X8              1     8.208      0.825    slow_vdd1v2 
NOR2BX1              4     5.472      0.225    slow_vdd1v2 
NOR2X1              37    37.962      1.377    slow_vdd1v2 
NOR2X4              63   193.914     18.028    slow_vdd1v2 
NOR2X6              49   201.096     20.121    slow_vdd1v2 
NOR2X8               9    49.248      4.749    slow_vdd1v2 
NOR2XL               1     1.026      0.019    slow_vdd1v2 
NOR3X6               1     7.182      0.546    slow_vdd1v2 
NOR3X8               1     8.892      0.284    slow_vdd1v2 
NOR4X8               1    10.602      0.422    slow_vdd1v2 
OAI2BB1X4            5    22.230      1.607    slow_vdd1v2 
OR2X1               38    51.984      1.974    slow_vdd1v2 
OR2X2                1     1.710      0.092    slow_vdd1v2 
OR2X6                1     3.762      0.347    slow_vdd1v2 
TLATNTSCAX2         32   207.936      5.984    slow_vdd1v2 
TLATX1               1     5.472      0.180    slow_vdd1v2 
XNOR2X2              1     3.078      0.132    slow_vdd1v2 
XOR2X2              22    75.240      2.915    slow_vdd1v2 
-----------------------------------------------------------
total             1843  9954.508    482.133                


                                                         Leakage  Leakage 
            Type             Instances   Area   Area % Power (nW) Power % 
--------------------------------------------------------------------------
sequential                         832 5296.212   53.2    175.932    36.5 
inverter                            36   81.738    0.8      7.594     1.6 
clock_gating_integrated_cell        32  207.936    2.1      5.984     1.2 
logic                              943 4368.622   43.9    292.623    60.7 
physical_cells                       0    0.000    0.0      0.000     0.0 
--------------------------------------------------------------------------
total                             1843 9954.508  100.0    482.133   100.0 

