============================================================
  Generated by:           Genus(TM) Synthesis Solution 20.10-p001_1
  Generated on:           Jul 15 2025  12:10:20 am
  Module:                 Top
  Operating conditions:   PVT_1P08V_125C 
  Interconnect mode:      global
  Area mode:              timing library
============================================================

Timing
--------

  Clock   Period 
-----------------
realClock  870.0 


           Cost             Critical         Violating 
          Group            Path Slack  TNS     Paths   
-------------------------------------------------------
C2C                               0.0   0.0          0 
C2O                          No paths   0.0            
cg_enable_group_realClock       110.1   0.0          0 
default                      No paths   0.0            
I2C                          No paths   0.0            
I2O                          No paths   0.0            
realClock                    No paths   0.0            
-------------------------------------------------------
Total                                   0.0          0 

Instance Count
--------------
Leaf Instance Count             1843 
Physical Instance count            0 
Sequential Instance Count        864 
Combinational Instance Count     979 
Hierarchical Instance Count       32 

Area
----
Cell Area                          9954.508
Physical Cell Area                 0.000
Total Cell Area (Cell+Physical)    9954.508
Net Area                           2005.178
Total Area (Cell+Physical+Net)     11959.686

Runtime                            0.0 seconds
Elapsed Runtime                    170 seconds
Genus peak memory usage            1184.85 
Innovus peak memory usage          no_value 
Hostname                           gama03
