============================================================
  Generated by:           Genus(TM) Synthesis Solution 20.10-p001_1
  Generated on:           Jul 15 2025  12:10:20 am
  Module:                 Top
  Operating conditions:   PVT_1P08V_125C 
  Interconnect mode:      global
  Area mode:              timing library
============================================================


Path 1: MET (0 ps) Setup Check with Pin Mem_MemInst_stage_reg[0]/CK->D
          Group: C2C
     Startpoint: (R) Mem_MemInst_tagArray_reg[44][5]/CK
          Clock: (R) realClock
       Endpoint: (F) Mem_MemInst_stage_reg[0]/D
          Clock: (R) realClock

                     Capture       Launch     
        Clock Edge:+     870            0     
       Src Latency:+       0            0     
       Net Latency:+       0 (I)        0 (I) 
           Arrival:=     870            0     
                                              
             Setup:-      46                  
     Required Time:=     824                  
      Launch Clock:-       0                  
         Data Path:-     824                  
             Slack:=       0                  

#-----------------------------------------------------------------------------------------------------------
#           Timing Point             Flags   Arc   Edge   Cell     Fanout Load Trans Delay Arrival Instance 
#                                                                         (fF)  (ps)  (ps)   (ps)  Location 
#-----------------------------------------------------------------------------------------------------------
  Mem_MemInst_tagArray_reg[44][5]/CK -       -     R     (arrival)     25    -     0     0       0    (-,-) 
  Mem_MemInst_tagArray_reg[44][5]/Q  -       CK->Q F     DFFHQX1        1  5.5    87   152     152    (-,-) 
  g129395__4319/Y                    -       B1->Y R     AOI22X4        1  6.6   100    74     226    (-,-) 
  g129168__2398/Y                    -       B->Y  F     NAND2X6        1  5.5    62    67     292    (-,-) 
  g129057__5107/Y                    -       B->Y  R     NOR2X4         1  5.0    54    51     343    (-,-) 
  g128999__5477/Y                    -       B->Y  R     CLKAND2X6      1  7.5    28    66     409    (-,-) 
  g128972__2398/Y                    -       A->Y  F     NAND2X8        1  4.3    39    41     451    (-,-) 
  g129825__1617/Y                    -       B->Y  F     XOR2X2         1  7.0    70   114     565    (-,-) 
  g128933__5122/Y                    -       B->Y  R     NOR2X8         1  7.5    48    47     612    (-,-) 
  g128927__5526/Y                    -       A->Y  F     NAND2X8        1  6.2    51    53     665    (-,-) 
  g128925__4319/Y                    -       B->Y  R     NOR2X6         1  5.0    42    40     705    (-,-) 
  g128922__2398/Y                    -       B->Y  R     CLKAND2X6      2  7.7    28    63     768    (-,-) 
  g128919__7410/Y                    -       A1->Y F     AOI21X4        1  4.2    62    56     824    (-,-) 
  Mem_MemInst_stage_reg[0]/D         -       -     F     DFFRHQX1       1    -     -     0     824    (-,-) 
#-----------------------------------------------------------------------------------------------------------



Path 2: MET (110 ps) Clock Gating Setup Check at cgic pin Mem_MemInst_RC_CG_HIER_INST16/RC_CGIC_INST/E
          Group: cg_enable_group_realClock
     Startpoint: (R) Mem_MemInst_stage_reg[0]/CK
          Clock: (R) realClock
       Endpoint: (R) Mem_MemInst_RC_CG_HIER_INST16/RC_CGIC_INST/E
          Clock: (R) realClock

                     Capture       Launch     
        Clock Edge:+     870            0     
       Src Latency:+       0            0     
       Net Latency:+       0 (I)        0 (I) 
           Arrival:=     870            0     
                                              
  Gate Check Setup:-      98                  
     Required Time:=     772                  
      Launch Clock:-       0                  
         Data Path:-     662                  
             Slack:=     110                  

#-----------------------------------------------------------------------------------------------------------------------
#                Timing Point                  Flags   Arc   Edge    Cell      Fanout Load Trans Delay Arrival Instance 
#                                                                                     (fF)  (ps)  (ps)   (ps)  Location 
#-----------------------------------------------------------------------------------------------------------------------
  Mem_MemInst_stage_reg[0]/CK                  -       -     R     (arrival)       34    -     0     0       0    (-,-) 
  Mem_MemInst_stage_reg[0]/Q                   -       CK->Q R     DFFRHQX1         3 10.0   135   196     196    (-,-) 
  g104580/Y                                    -       A->Y  F     INVX1            1  4.7    92   106     303    (-,-) 
  g105953__9945/Y                              -       B->Y  F     OR2X6           32 74.9   211   200     502    (-,-) 
  g105086__6131/Y                              -       A->Y  R     NOR2X1           1  4.1   138   160     662    (-,-) 
  Mem_MemInst_RC_CG_HIER_INST16/RC_CGIC_INST/E -       -     R     TLATNTSCAX2      1    -     -     0     662    (-,-) 
#-----------------------------------------------------------------------------------------------------------------------



Path 3: MET (110 ps) Clock Gating Setup Check at cgic pin Mem_MemInst_RC_CG_HIER_INST15/RC_CGIC_INST/E
          Group: cg_enable_group_realClock
     Startpoint: (R) Mem_MemInst_stage_reg[0]/CK
          Clock: (R) realClock
       Endpoint: (R) Mem_MemInst_RC_CG_HIER_INST15/RC_CGIC_INST/E
          Clock: (R) realClock

                     Capture       Launch     
        Clock Edge:+     870            0     
       Src Latency:+       0            0     
       Net Latency:+       0 (I)        0 (I) 
           Arrival:=     870            0     
                                              
  Gate Check Setup:-      98                  
     Required Time:=     772                  
      Launch Clock:-       0                  
         Data Path:-     662                  
             Slack:=     110                  

#-----------------------------------------------------------------------------------------------------------------------
#                Timing Point                  Flags   Arc   Edge    Cell      Fanout Load Trans Delay Arrival Instance 
#                                                                                     (fF)  (ps)  (ps)   (ps)  Location 
#-----------------------------------------------------------------------------------------------------------------------
  Mem_MemInst_stage_reg[0]/CK                  -       -     R     (arrival)       34    -     0     0       0    (-,-) 
  Mem_MemInst_stage_reg[0]/Q                   -       CK->Q R     DFFRHQX1         3 10.0   135   196     196    (-,-) 
  g104580/Y                                    -       A->Y  F     INVX1            1  4.7    92   106     303    (-,-) 
  g105953__9945/Y                              -       B->Y  F     OR2X6           32 74.9   211   200     502    (-,-) 
  g105089__7482/Y                              -       A->Y  R     NOR2X1           1  4.1   138   160     662    (-,-) 
  Mem_MemInst_RC_CG_HIER_INST15/RC_CGIC_INST/E -       -     R     TLATNTSCAX2      1    -     -     0     662    (-,-) 
#-----------------------------------------------------------------------------------------------------------------------



Path 4: MET (110 ps) Clock Gating Setup Check at cgic pin Mem_MemInst_RC_CG_HIER_INST14/RC_CGIC_INST/E
          Group: cg_enable_group_realClock
     Startpoint: (R) Mem_MemInst_stage_reg[0]/CK
          Clock: (R) realClock
       Endpoint: (R) Mem_MemInst_RC_CG_HIER_INST14/RC_CGIC_INST/E
          Clock: (R) realClock

                     Capture       Launch     
        Clock Edge:+     870            0     
       Src Latency:+       0            0     
       Net Latency:+       0 (I)        0 (I) 
           Arrival:=     870            0     
                                              
  Gate Check Setup:-      98                  
     Required Time:=     772                  
      Launch Clock:-       0                  
         Data Path:-     662                  
             Slack:=     110                  

#-----------------------------------------------------------------------------------------------------------------------
#                Timing Point                  Flags   Arc   Edge    Cell      Fanout Load Trans Delay Arrival Instance 
#                                                                                     (fF)  (ps)  (ps)   (ps)  Location 
#-----------------------------------------------------------------------------------------------------------------------
  Mem_MemInst_stage_reg[0]/CK                  -       -     R     (arrival)       34    -     0     0       0    (-,-) 
  Mem_MemInst_stage_reg[0]/Q                   -       CK->Q R     DFFRHQX1         3 10.0   135   196     196    (-,-) 
  g104580/Y                                    -       A->Y  F     INVX1            1  4.7    92   106     303    (-,-) 
  g105953__9945/Y                              -       B->Y  F     OR2X6           32 74.9   211   200     502    (-,-) 
  g105076__8428/Y                              -       A->Y  R     NOR2X1           1  4.1   138   160     662    (-,-) 
  Mem_MemInst_RC_CG_HIER_INST14/RC_CGIC_INST/E -       -     R     TLATNTSCAX2      1    -     -     0     662    (-,-) 
#-----------------------------------------------------------------------------------------------------------------------



Path 5: MET (110 ps) Clock Gating Setup Check at cgic pin Mem_MemInst_RC_CG_HIER_INST8/RC_CGIC_INST/E
          Group: cg_enable_group_realClock
     Startpoint: (R) Mem_MemInst_stage_reg[0]/CK
          Clock: (R) realClock
       Endpoint: (R) Mem_MemInst_RC_CG_HIER_INST8/RC_CGIC_INST/E
          Clock: (R) realClock

                     Capture       Launch     
        Clock Edge:+     870            0     
       Src Latency:+       0            0     
       Net Latency:+       0 (I)        0 (I) 
           Arrival:=     870            0     
                                              
  Gate Check Setup:-      98                  
     Required Time:=     772                  
      Launch Clock:-       0                  
         Data Path:-     662                  
             Slack:=     110                  

#----------------------------------------------------------------------------------------------------------------------
#                Timing Point                 Flags   Arc   Edge    Cell      Fanout Load Trans Delay Arrival Instance 
#                                                                                    (fF)  (ps)  (ps)   (ps)  Location 
#----------------------------------------------------------------------------------------------------------------------
  Mem_MemInst_stage_reg[0]/CK                 -       -     R     (arrival)       34    -     0     0       0    (-,-) 
  Mem_MemInst_stage_reg[0]/Q                  -       CK->Q R     DFFRHQX1         3 10.0   135   196     196    (-,-) 
  g104580/Y                                   -       A->Y  F     INVX1            1  4.7    92   106     303    (-,-) 
  g105953__9945/Y                             -       B->Y  F     OR2X6           32 74.9   211   200     502    (-,-) 
  g105080__1617/Y                             -       A->Y  R     NOR2X1           1  4.1   137   160     662    (-,-) 
  Mem_MemInst_RC_CG_HIER_INST8/RC_CGIC_INST/E -       -     R     TLATNTSCAX2      1    -     -     0     662    (-,-) 
#----------------------------------------------------------------------------------------------------------------------



Path 6: MET (110 ps) Clock Gating Setup Check at cgic pin Mem_MemInst_RC_CG_HIER_INST4/RC_CGIC_INST/E
          Group: cg_enable_group_realClock
     Startpoint: (R) Mem_MemInst_stage_reg[0]/CK
          Clock: (R) realClock
       Endpoint: (R) Mem_MemInst_RC_CG_HIER_INST4/RC_CGIC_INST/E
          Clock: (R) realClock

                     Capture       Launch     
        Clock Edge:+     870            0     
       Src Latency:+       0            0     
       Net Latency:+       0 (I)        0 (I) 
           Arrival:=     870            0     
                                              
  Gate Check Setup:-      98                  
     Required Time:=     772                  
      Launch Clock:-       0                  
         Data Path:-     662                  
             Slack:=     110                  

#----------------------------------------------------------------------------------------------------------------------
#                Timing Point                 Flags   Arc   Edge    Cell      Fanout Load Trans Delay Arrival Instance 
#                                                                                    (fF)  (ps)  (ps)   (ps)  Location 
#----------------------------------------------------------------------------------------------------------------------
  Mem_MemInst_stage_reg[0]/CK                 -       -     R     (arrival)       34    -     0     0       0    (-,-) 
  Mem_MemInst_stage_reg[0]/Q                  -       CK->Q R     DFFRHQX1         3 10.0   135   196     196    (-,-) 
  g104580/Y                                   -       A->Y  F     INVX1            1  4.7    92   106     303    (-,-) 
  g105953__9945/Y                             -       B->Y  F     OR2X6           32 74.9   211   200     502    (-,-) 
  g105097__7410/Y                             -       A->Y  R     NOR2X1           1  4.1   137   160     662    (-,-) 
  Mem_MemInst_RC_CG_HIER_INST4/RC_CGIC_INST/E -       -     R     TLATNTSCAX2      1    -     -     0     662    (-,-) 
#----------------------------------------------------------------------------------------------------------------------



Path 7: MET (112 ps) Clock Gating Setup Check at cgic pin Mem_MemInst_RC_CG_HIER_INST31/RC_CGIC_INST/E
          Group: cg_enable_group_realClock
     Startpoint: (R) Mem_MemInst_stage_reg[0]/CK
          Clock: (R) realClock
       Endpoint: (R) Mem_MemInst_RC_CG_HIER_INST31/RC_CGIC_INST/E
          Clock: (R) realClock

                     Capture       Launch     
        Clock Edge:+     870            0     
       Src Latency:+       0            0     
       Net Latency:+       0 (I)        0 (I) 
           Arrival:=     870            0     
                                              
  Gate Check Setup:-      96                  
     Required Time:=     774                  
      Launch Clock:-       0                  
         Data Path:-     662                  
             Slack:=     112                  

#-----------------------------------------------------------------------------------------------------------------------
#                Timing Point                  Flags   Arc   Edge    Cell      Fanout Load Trans Delay Arrival Instance 
#                                                                                     (fF)  (ps)  (ps)   (ps)  Location 
#-----------------------------------------------------------------------------------------------------------------------
  Mem_MemInst_stage_reg[0]/CK                  -       -     R     (arrival)       34    -     0     0       0    (-,-) 
  Mem_MemInst_stage_reg[0]/Q                   -       CK->Q R     DFFRHQX1         3 10.0   135   196     196    (-,-) 
  g104580/Y                                    -       A->Y  F     INVX1            1  4.7    92   106     303    (-,-) 
  g105953__9945/Y                              -       B->Y  F     OR2X6           32 74.9   211   200     502    (-,-) 
  g105088__5115/Y                              -       A->Y  R     NOR2X1           1  4.1   133   160     662    (-,-) 
  Mem_MemInst_RC_CG_HIER_INST31/RC_CGIC_INST/E -       -     R     TLATNTSCAX2      1    -     -     0     662    (-,-) 
#-----------------------------------------------------------------------------------------------------------------------



Path 8: MET (112 ps) Clock Gating Setup Check at cgic pin Mem_MemInst_RC_CG_HIER_INST30/RC_CGIC_INST/E
          Group: cg_enable_group_realClock
     Startpoint: (R) Mem_MemInst_stage_reg[0]/CK
          Clock: (R) realClock
       Endpoint: (R) Mem_MemInst_RC_CG_HIER_INST30/RC_CGIC_INST/E
          Clock: (R) realClock

                     Capture       Launch     
        Clock Edge:+     870            0     
       Src Latency:+       0            0     
       Net Latency:+       0 (I)        0 (I) 
           Arrival:=     870            0     
                                              
  Gate Check Setup:-      96                  
     Required Time:=     774                  
      Launch Clock:-       0                  
         Data Path:-     662                  
             Slack:=     112                  

#-----------------------------------------------------------------------------------------------------------------------
#                Timing Point                  Flags   Arc   Edge    Cell      Fanout Load Trans Delay Arrival Instance 
#                                                                                     (fF)  (ps)  (ps)   (ps)  Location 
#-----------------------------------------------------------------------------------------------------------------------
  Mem_MemInst_stage_reg[0]/CK                  -       -     R     (arrival)       34    -     0     0       0    (-,-) 
  Mem_MemInst_stage_reg[0]/Q                   -       CK->Q R     DFFRHQX1         3 10.0   135   196     196    (-,-) 
  g104580/Y                                    -       A->Y  F     INVX1            1  4.7    92   106     303    (-,-) 
  g105953__9945/Y                              -       B->Y  F     OR2X6           32 74.9   211   200     502    (-,-) 
  g105101__5107/Y                              -       A->Y  R     NOR2X1           1  4.1   133   160     662    (-,-) 
  Mem_MemInst_RC_CG_HIER_INST30/RC_CGIC_INST/E -       -     R     TLATNTSCAX2      1    -     -     0     662    (-,-) 
#-----------------------------------------------------------------------------------------------------------------------



Path 9: MET (112 ps) Clock Gating Setup Check at cgic pin Mem_MemInst_RC_CG_HIER_INST29/RC_CGIC_INST/E
          Group: cg_enable_group_realClock
     Startpoint: (R) Mem_MemInst_stage_reg[0]/CK
          Clock: (R) realClock
       Endpoint: (R) Mem_MemInst_RC_CG_HIER_INST29/RC_CGIC_INST/E
          Clock: (R) realClock

                     Capture       Launch     
        Clock Edge:+     870            0     
       Src Latency:+       0            0     
       Net Latency:+       0 (I)        0 (I) 
           Arrival:=     870            0     
                                              
  Gate Check Setup:-      96                  
     Required Time:=     774                  
      Launch Clock:-       0                  
         Data Path:-     662                  
             Slack:=     112                  

#-----------------------------------------------------------------------------------------------------------------------
#                Timing Point                  Flags   Arc   Edge    Cell      Fanout Load Trans Delay Arrival Instance 
#                                                                                     (fF)  (ps)  (ps)   (ps)  Location 
#-----------------------------------------------------------------------------------------------------------------------
  Mem_MemInst_stage_reg[0]/CK                  -       -     R     (arrival)       34    -     0     0       0    (-,-) 
  Mem_MemInst_stage_reg[0]/Q                   -       CK->Q R     DFFRHQX1         3 10.0   135   196     196    (-,-) 
  g104580/Y                                    -       A->Y  F     INVX1            1  4.7    92   106     303    (-,-) 
  g105953__9945/Y                              -       B->Y  F     OR2X6           32 74.9   211   200     502    (-,-) 
  g105098__6417/Y                              -       A->Y  R     NOR2X1           1  4.1   133   160     662    (-,-) 
  Mem_MemInst_RC_CG_HIER_INST29/RC_CGIC_INST/E -       -     R     TLATNTSCAX2      1    -     -     0     662    (-,-) 
#-----------------------------------------------------------------------------------------------------------------------



Path 10: MET (112 ps) Clock Gating Setup Check at cgic pin Mem_MemInst_RC_CG_HIER_INST28/RC_CGIC_INST/E
          Group: cg_enable_group_realClock
     Startpoint: (R) Mem_MemInst_stage_reg[0]/CK
          Clock: (R) realClock
       Endpoint: (R) Mem_MemInst_RC_CG_HIER_INST28/RC_CGIC_INST/E
          Clock: (R) realClock

                     Capture       Launch     
        Clock Edge:+     870            0     
       Src Latency:+       0            0     
       Net Latency:+       0 (I)        0 (I) 
           Arrival:=     870            0     
                                              
  Gate Check Setup:-      96                  
     Required Time:=     774                  
      Launch Clock:-       0                  
         Data Path:-     662                  
             Slack:=     112                  

#-----------------------------------------------------------------------------------------------------------------------
#                Timing Point                  Flags   Arc   Edge    Cell      Fanout Load Trans Delay Arrival Instance 
#                                                                                     (fF)  (ps)  (ps)   (ps)  Location 
#-----------------------------------------------------------------------------------------------------------------------
  Mem_MemInst_stage_reg[0]/CK                  -       -     R     (arrival)       34    -     0     0       0    (-,-) 
  Mem_MemInst_stage_reg[0]/Q                   -       CK->Q R     DFFRHQX1         3 10.0   135   196     196    (-,-) 
  g104580/Y                                    -       A->Y  F     INVX1            1  4.7    92   106     303    (-,-) 
  g105953__9945/Y                              -       B->Y  F     OR2X6           32 74.9   211   200     502    (-,-) 
  g105090__4733/Y                              -       A->Y  R     NOR2X1           1  4.1   133   160     662    (-,-) 
  Mem_MemInst_RC_CG_HIER_INST28/RC_CGIC_INST/E -       -     R     TLATNTSCAX2      1    -     -     0     662    (-,-) 
#-----------------------------------------------------------------------------------------------------------------------



Path 11: MET (112 ps) Clock Gating Setup Check at cgic pin Mem_MemInst_RC_CG_HIER_INST27/RC_CGIC_INST/E
          Group: cg_enable_group_realClock
     Startpoint: (R) Mem_MemInst_stage_reg[0]/CK
          Clock: (R) realClock
       Endpoint: (R) Mem_MemInst_RC_CG_HIER_INST27/RC_CGIC_INST/E
          Clock: (R) realClock

                     Capture       Launch     
        Clock Edge:+     870            0     
       Src Latency:+       0            0     
       Net Latency:+       0 (I)        0 (I) 
           Arrival:=     870            0     
                                              
  Gate Check Setup:-      96                  
     Required Time:=     774                  
      Launch Clock:-       0                  
         Data Path:-     662                  
             Slack:=     112                  

#-----------------------------------------------------------------------------------------------------------------------
#                Timing Point                  Flags   Arc   Edge    Cell      Fanout Load Trans Delay Arrival Instance 
#                                                                                     (fF)  (ps)  (ps)   (ps)  Location 
#-----------------------------------------------------------------------------------------------------------------------
  Mem_MemInst_stage_reg[0]/CK                  -       -     R     (arrival)       34    -     0     0       0    (-,-) 
  Mem_MemInst_stage_reg[0]/Q                   -       CK->Q R     DFFRHQX1         3 10.0   135   196     196    (-,-) 
  g104580/Y                                    -       A->Y  F     INVX1            1  4.7    92   106     303    (-,-) 
  g105953__9945/Y                              -       B->Y  F     OR2X6           32 74.9   211   200     502    (-,-) 
  g105085__7098/Y                              -       A->Y  R     NOR2X1           1  4.1   133   160     662    (-,-) 
  Mem_MemInst_RC_CG_HIER_INST27/RC_CGIC_INST/E -       -     R     TLATNTSCAX2      1    -     -     0     662    (-,-) 
#-----------------------------------------------------------------------------------------------------------------------



Path 12: MET (112 ps) Clock Gating Setup Check at cgic pin Mem_MemInst_RC_CG_HIER_INST26/RC_CGIC_INST/E
          Group: cg_enable_group_realClock
     Startpoint: (R) Mem_MemInst_stage_reg[0]/CK
          Clock: (R) realClock
       Endpoint: (R) Mem_MemInst_RC_CG_HIER_INST26/RC_CGIC_INST/E
          Clock: (R) realClock

                     Capture       Launch     
        Clock Edge:+     870            0     
       Src Latency:+       0            0     
       Net Latency:+       0 (I)        0 (I) 
           Arrival:=     870            0     
                                              
  Gate Check Setup:-      96                  
     Required Time:=     774                  
      Launch Clock:-       0                  
         Data Path:-     662                  
             Slack:=     112                  

#-----------------------------------------------------------------------------------------------------------------------
#                Timing Point                  Flags   Arc   Edge    Cell      Fanout Load Trans Delay Arrival Instance 
#                                                                                     (fF)  (ps)  (ps)   (ps)  Location 
#-----------------------------------------------------------------------------------------------------------------------
  Mem_MemInst_stage_reg[0]/CK                  -       -     R     (arrival)       34    -     0     0       0    (-,-) 
  Mem_MemInst_stage_reg[0]/Q                   -       CK->Q R     DFFRHQX1         3 10.0   135   196     196    (-,-) 
  g104580/Y                                    -       A->Y  F     INVX1            1  4.7    92   106     303    (-,-) 
  g105953__9945/Y                              -       B->Y  F     OR2X6           32 74.9   211   200     502    (-,-) 
  g105087__1881/Y                              -       A->Y  R     NOR2X1           1  4.1   133   160     662    (-,-) 
  Mem_MemInst_RC_CG_HIER_INST26/RC_CGIC_INST/E -       -     R     TLATNTSCAX2      1    -     -     0     662    (-,-) 
#-----------------------------------------------------------------------------------------------------------------------



Path 13: MET (112 ps) Clock Gating Setup Check at cgic pin Mem_MemInst_RC_CG_HIER_INST25/RC_CGIC_INST/E
          Group: cg_enable_group_realClock
     Startpoint: (R) Mem_MemInst_stage_reg[0]/CK
          Clock: (R) realClock
       Endpoint: (R) Mem_MemInst_RC_CG_HIER_INST25/RC_CGIC_INST/E
          Clock: (R) realClock

                     Capture       Launch     
        Clock Edge:+     870            0     
       Src Latency:+       0            0     
       Net Latency:+       0 (I)        0 (I) 
           Arrival:=     870            0     
                                              
  Gate Check Setup:-      96                  
     Required Time:=     774                  
      Launch Clock:-       0                  
         Data Path:-     662                  
             Slack:=     112                  

#-----------------------------------------------------------------------------------------------------------------------
#                Timing Point                  Flags   Arc   Edge    Cell      Fanout Load Trans Delay Arrival Instance 
#                                                                                     (fF)  (ps)  (ps)   (ps)  Location 
#-----------------------------------------------------------------------------------------------------------------------
  Mem_MemInst_stage_reg[0]/CK                  -       -     R     (arrival)       34    -     0     0       0    (-,-) 
  Mem_MemInst_stage_reg[0]/Q                   -       CK->Q R     DFFRHQX1         3 10.0   135   196     196    (-,-) 
  g104580/Y                                    -       A->Y  F     INVX1            1  4.7    92   106     303    (-,-) 
  g105953__9945/Y                              -       B->Y  F     OR2X6           32 74.9   211   200     502    (-,-) 
  g105073__5107/Y                              -       A->Y  R     NOR2X1           1  4.1   133   160     662    (-,-) 
  Mem_MemInst_RC_CG_HIER_INST25/RC_CGIC_INST/E -       -     R     TLATNTSCAX2      1    -     -     0     662    (-,-) 
#-----------------------------------------------------------------------------------------------------------------------



Path 14: MET (112 ps) Clock Gating Setup Check at cgic pin Mem_MemInst_RC_CG_HIER_INST24/RC_CGIC_INST/E
          Group: cg_enable_group_realClock
     Startpoint: (R) Mem_MemInst_stage_reg[0]/CK
          Clock: (R) realClock
       Endpoint: (R) Mem_MemInst_RC_CG_HIER_INST24/RC_CGIC_INST/E
          Clock: (R) realClock

                     Capture       Launch     
        Clock Edge:+     870            0     
       Src Latency:+       0            0     
       Net Latency:+       0 (I)        0 (I) 
           Arrival:=     870            0     
                                              
  Gate Check Setup:-      96                  
     Required Time:=     774                  
      Launch Clock:-       0                  
         Data Path:-     662                  
             Slack:=     112                  

#-----------------------------------------------------------------------------------------------------------------------
#                Timing Point                  Flags   Arc   Edge    Cell      Fanout Load Trans Delay Arrival Instance 
#                                                                                     (fF)  (ps)  (ps)   (ps)  Location 
#-----------------------------------------------------------------------------------------------------------------------
  Mem_MemInst_stage_reg[0]/CK                  -       -     R     (arrival)       34    -     0     0       0    (-,-) 
  Mem_MemInst_stage_reg[0]/Q                   -       CK->Q R     DFFRHQX1         3 10.0   135   196     196    (-,-) 
  g104580/Y                                    -       A->Y  F     INVX1            1  4.7    92   106     303    (-,-) 
  g105953__9945/Y                              -       B->Y  F     OR2X6           32 74.9   211   200     502    (-,-) 
  g105078__6783/Y                              -       A->Y  R     NOR2X1           1  4.1   133   160     662    (-,-) 
  Mem_MemInst_RC_CG_HIER_INST24/RC_CGIC_INST/E -       -     R     TLATNTSCAX2      1    -     -     0     662    (-,-) 
#-----------------------------------------------------------------------------------------------------------------------



Path 15: MET (112 ps) Clock Gating Setup Check at cgic pin Mem_MemInst_RC_CG_HIER_INST23/RC_CGIC_INST/E
          Group: cg_enable_group_realClock
     Startpoint: (R) Mem_MemInst_stage_reg[0]/CK
          Clock: (R) realClock
       Endpoint: (R) Mem_MemInst_RC_CG_HIER_INST23/RC_CGIC_INST/E
          Clock: (R) realClock

                     Capture       Launch     
        Clock Edge:+     870            0     
       Src Latency:+       0            0     
       Net Latency:+       0 (I)        0 (I) 
           Arrival:=     870            0     
                                              
  Gate Check Setup:-      96                  
     Required Time:=     774                  
      Launch Clock:-       0                  
         Data Path:-     662                  
             Slack:=     112                  

#-----------------------------------------------------------------------------------------------------------------------
#                Timing Point                  Flags   Arc   Edge    Cell      Fanout Load Trans Delay Arrival Instance 
#                                                                                     (fF)  (ps)  (ps)   (ps)  Location 
#-----------------------------------------------------------------------------------------------------------------------
  Mem_MemInst_stage_reg[0]/CK                  -       -     R     (arrival)       34    -     0     0       0    (-,-) 
  Mem_MemInst_stage_reg[0]/Q                   -       CK->Q R     DFFRHQX1         3 10.0   135   196     196    (-,-) 
  g104580/Y                                    -       A->Y  F     INVX1            1  4.7    92   106     303    (-,-) 
  g105953__9945/Y                              -       B->Y  F     OR2X6           32 74.9   211   200     502    (-,-) 
  g105072__2398/Y                              -       A->Y  R     NOR2X1           1  4.1   133   160     662    (-,-) 
  Mem_MemInst_RC_CG_HIER_INST23/RC_CGIC_INST/E -       -     R     TLATNTSCAX2      1    -     -     0     662    (-,-) 
#-----------------------------------------------------------------------------------------------------------------------



Path 16: MET (112 ps) Clock Gating Setup Check at cgic pin Mem_MemInst_RC_CG_HIER_INST22/RC_CGIC_INST/E
          Group: cg_enable_group_realClock
     Startpoint: (R) Mem_MemInst_stage_reg[0]/CK
          Clock: (R) realClock
       Endpoint: (R) Mem_MemInst_RC_CG_HIER_INST22/RC_CGIC_INST/E
          Clock: (R) realClock

                     Capture       Launch     
        Clock Edge:+     870            0     
       Src Latency:+       0            0     
       Net Latency:+       0 (I)        0 (I) 
           Arrival:=     870            0     
                                              
  Gate Check Setup:-      96                  
     Required Time:=     774                  
      Launch Clock:-       0                  
         Data Path:-     662                  
             Slack:=     112                  

#-----------------------------------------------------------------------------------------------------------------------
#                Timing Point                  Flags   Arc   Edge    Cell      Fanout Load Trans Delay Arrival Instance 
#                                                                                     (fF)  (ps)  (ps)   (ps)  Location 
#-----------------------------------------------------------------------------------------------------------------------
  Mem_MemInst_stage_reg[0]/CK                  -       -     R     (arrival)       34    -     0     0       0    (-,-) 
  Mem_MemInst_stage_reg[0]/Q                   -       CK->Q R     DFFRHQX1         3 10.0   135   196     196    (-,-) 
  g104580/Y                                    -       A->Y  F     INVX1            1  4.7    92   106     303    (-,-) 
  g105953__9945/Y                              -       B->Y  F     OR2X6           32 74.9   211   200     502    (-,-) 
  g105082__1705/Y                              -       A->Y  R     NOR2X1           1  4.1   133   160     662    (-,-) 
  Mem_MemInst_RC_CG_HIER_INST22/RC_CGIC_INST/E -       -     R     TLATNTSCAX2      1    -     -     0     662    (-,-) 
#-----------------------------------------------------------------------------------------------------------------------



Path 17: MET (112 ps) Clock Gating Setup Check at cgic pin Mem_MemInst_RC_CG_HIER_INST21/RC_CGIC_INST/E
          Group: cg_enable_group_realClock
     Startpoint: (R) Mem_MemInst_stage_reg[0]/CK
          Clock: (R) realClock
       Endpoint: (R) Mem_MemInst_RC_CG_HIER_INST21/RC_CGIC_INST/E
          Clock: (R) realClock

                     Capture       Launch     
        Clock Edge:+     870            0     
       Src Latency:+       0            0     
       Net Latency:+       0 (I)        0 (I) 
           Arrival:=     870            0     
                                              
  Gate Check Setup:-      96                  
     Required Time:=     774                  
      Launch Clock:-       0                  
         Data Path:-     662                  
             Slack:=     112                  

#-----------------------------------------------------------------------------------------------------------------------
#                Timing Point                  Flags   Arc   Edge    Cell      Fanout Load Trans Delay Arrival Instance 
#                                                                                     (fF)  (ps)  (ps)   (ps)  Location 
#-----------------------------------------------------------------------------------------------------------------------
  Mem_MemInst_stage_reg[0]/CK                  -       -     R     (arrival)       34    -     0     0       0    (-,-) 
  Mem_MemInst_stage_reg[0]/Q                   -       CK->Q R     DFFRHQX1         3 10.0   135   196     196    (-,-) 
  g104580/Y                                    -       A->Y  F     INVX1            1  4.7    92   106     303    (-,-) 
  g105953__9945/Y                              -       B->Y  F     OR2X6           32 74.9   211   200     502    (-,-) 
  g105095__2346/Y                              -       A->Y  R     NOR2X1           1  4.1   133   160     662    (-,-) 
  Mem_MemInst_RC_CG_HIER_INST21/RC_CGIC_INST/E -       -     R     TLATNTSCAX2      1    -     -     0     662    (-,-) 
#-----------------------------------------------------------------------------------------------------------------------



Path 18: MET (112 ps) Clock Gating Setup Check at cgic pin Mem_MemInst_RC_CG_HIER_INST20/RC_CGIC_INST/E
          Group: cg_enable_group_realClock
     Startpoint: (R) Mem_MemInst_stage_reg[0]/CK
          Clock: (R) realClock
       Endpoint: (R) Mem_MemInst_RC_CG_HIER_INST20/RC_CGIC_INST/E
          Clock: (R) realClock

                     Capture       Launch     
        Clock Edge:+     870            0     
       Src Latency:+       0            0     
       Net Latency:+       0 (I)        0 (I) 
           Arrival:=     870            0     
                                              
  Gate Check Setup:-      96                  
     Required Time:=     774                  
      Launch Clock:-       0                  
         Data Path:-     662                  
             Slack:=     112                  

#-----------------------------------------------------------------------------------------------------------------------
#                Timing Point                  Flags   Arc   Edge    Cell      Fanout Load Trans Delay Arrival Instance 
#                                                                                     (fF)  (ps)  (ps)   (ps)  Location 
#-----------------------------------------------------------------------------------------------------------------------
  Mem_MemInst_stage_reg[0]/CK                  -       -     R     (arrival)       34    -     0     0       0    (-,-) 
  Mem_MemInst_stage_reg[0]/Q                   -       CK->Q R     DFFRHQX1         3 10.0   135   196     196    (-,-) 
  g104580/Y                                    -       A->Y  F     INVX1            1  4.7    92   106     303    (-,-) 
  g105953__9945/Y                              -       B->Y  F     OR2X6           32 74.9   211   200     502    (-,-) 
  g105091__6161/Y                              -       A->Y  R     NOR2X1           1  4.1   133   160     662    (-,-) 
  Mem_MemInst_RC_CG_HIER_INST20/RC_CGIC_INST/E -       -     R     TLATNTSCAX2      1    -     -     0     662    (-,-) 
#-----------------------------------------------------------------------------------------------------------------------



Path 19: MET (112 ps) Clock Gating Setup Check at cgic pin Mem_MemInst_RC_CG_HIER_INST19/RC_CGIC_INST/E
          Group: cg_enable_group_realClock
     Startpoint: (R) Mem_MemInst_stage_reg[0]/CK
          Clock: (R) realClock
       Endpoint: (R) Mem_MemInst_RC_CG_HIER_INST19/RC_CGIC_INST/E
          Clock: (R) realClock

                     Capture       Launch     
        Clock Edge:+     870            0     
       Src Latency:+       0            0     
       Net Latency:+       0 (I)        0 (I) 
           Arrival:=     870            0     
                                              
  Gate Check Setup:-      96                  
     Required Time:=     774                  
      Launch Clock:-       0                  
         Data Path:-     662                  
             Slack:=     112                  

#-----------------------------------------------------------------------------------------------------------------------
#                Timing Point                  Flags   Arc   Edge    Cell      Fanout Load Trans Delay Arrival Instance 
#                                                                                     (fF)  (ps)  (ps)   (ps)  Location 
#-----------------------------------------------------------------------------------------------------------------------
  Mem_MemInst_stage_reg[0]/CK                  -       -     R     (arrival)       34    -     0     0       0    (-,-) 
  Mem_MemInst_stage_reg[0]/Q                   -       CK->Q R     DFFRHQX1         3 10.0   135   196     196    (-,-) 
  g104580/Y                                    -       A->Y  F     INVX1            1  4.7    92   106     303    (-,-) 
  g105953__9945/Y                              -       B->Y  F     OR2X6           32 74.9   211   200     502    (-,-) 
  g105083__5122/Y                              -       A->Y  R     NOR2X1           1  4.1   133   160     662    (-,-) 
  Mem_MemInst_RC_CG_HIER_INST19/RC_CGIC_INST/E -       -     R     TLATNTSCAX2      1    -     -     0     662    (-,-) 
#-----------------------------------------------------------------------------------------------------------------------



Path 20: MET (112 ps) Clock Gating Setup Check at cgic pin Mem_MemInst_RC_CG_HIER_INST18/RC_CGIC_INST/E
          Group: cg_enable_group_realClock
     Startpoint: (R) Mem_MemInst_stage_reg[0]/CK
          Clock: (R) realClock
       Endpoint: (R) Mem_MemInst_RC_CG_HIER_INST18/RC_CGIC_INST/E
          Clock: (R) realClock

                     Capture       Launch     
        Clock Edge:+     870            0     
       Src Latency:+       0            0     
       Net Latency:+       0 (I)        0 (I) 
           Arrival:=     870            0     
                                              
  Gate Check Setup:-      96                  
     Required Time:=     774                  
      Launch Clock:-       0                  
         Data Path:-     662                  
             Slack:=     112                  

#-----------------------------------------------------------------------------------------------------------------------
#                Timing Point                  Flags   Arc   Edge    Cell      Fanout Load Trans Delay Arrival Instance 
#                                                                                     (fF)  (ps)  (ps)   (ps)  Location 
#-----------------------------------------------------------------------------------------------------------------------
  Mem_MemInst_stage_reg[0]/CK                  -       -     R     (arrival)       34    -     0     0       0    (-,-) 
  Mem_MemInst_stage_reg[0]/Q                   -       CK->Q R     DFFRHQX1         3 10.0   135   196     196    (-,-) 
  g104580/Y                                    -       A->Y  F     INVX1            1  4.7    92   106     303    (-,-) 
  g105953__9945/Y                              -       B->Y  F     OR2X6           32 74.9   211   200     502    (-,-) 
  g105077__5526/Y                              -       A->Y  R     NOR2X1           1  4.1   133   160     662    (-,-) 
  Mem_MemInst_RC_CG_HIER_INST18/RC_CGIC_INST/E -       -     R     TLATNTSCAX2      1    -     -     0     662    (-,-) 
#-----------------------------------------------------------------------------------------------------------------------



Path 21: MET (112 ps) Clock Gating Setup Check at cgic pin Mem_MemInst_RC_CG_HIER_INST17/RC_CGIC_INST/E
          Group: cg_enable_group_realClock
     Startpoint: (R) Mem_MemInst_stage_reg[0]/CK
          Clock: (R) realClock
       Endpoint: (R) Mem_MemInst_RC_CG_HIER_INST17/RC_CGIC_INST/E
          Clock: (R) realClock

                     Capture       Launch     
        Clock Edge:+     870            0     
       Src Latency:+       0            0     
       Net Latency:+       0 (I)        0 (I) 
           Arrival:=     870            0     
                                              
  Gate Check Setup:-      96                  
     Required Time:=     774                  
      Launch Clock:-       0                  
         Data Path:-     662                  
             Slack:=     112                  

#-----------------------------------------------------------------------------------------------------------------------
#                Timing Point                  Flags   Arc   Edge    Cell      Fanout Load Trans Delay Arrival Instance 
#                                                                                     (fF)  (ps)  (ps)   (ps)  Location 
#-----------------------------------------------------------------------------------------------------------------------
  Mem_MemInst_stage_reg[0]/CK                  -       -     R     (arrival)       34    -     0     0       0    (-,-) 
  Mem_MemInst_stage_reg[0]/Q                   -       CK->Q R     DFFRHQX1         3 10.0   135   196     196    (-,-) 
  g104580/Y                                    -       A->Y  F     INVX1            1  4.7    92   106     303    (-,-) 
  g105953__9945/Y                              -       B->Y  F     OR2X6           32 74.9   211   200     502    (-,-) 
  g105075__4319/Y                              -       A->Y  R     NOR2X1           1  4.1   133   160     662    (-,-) 
  Mem_MemInst_RC_CG_HIER_INST17/RC_CGIC_INST/E -       -     R     TLATNTSCAX2      1    -     -     0     662    (-,-) 
#-----------------------------------------------------------------------------------------------------------------------



Path 22: MET (112 ps) Clock Gating Setup Check at cgic pin Mem_MemInst_RC_CG_HIER_INST13/RC_CGIC_INST/E
          Group: cg_enable_group_realClock
     Startpoint: (R) Mem_MemInst_stage_reg[0]/CK
          Clock: (R) realClock
       Endpoint: (R) Mem_MemInst_RC_CG_HIER_INST13/RC_CGIC_INST/E
          Clock: (R) realClock

                     Capture       Launch     
        Clock Edge:+     870            0     
       Src Latency:+       0            0     
       Net Latency:+       0 (I)        0 (I) 
           Arrival:=     870            0     
                                              
  Gate Check Setup:-      96                  
     Required Time:=     774                  
      Launch Clock:-       0                  
         Data Path:-     662                  
             Slack:=     112                  

#-----------------------------------------------------------------------------------------------------------------------
#                Timing Point                  Flags   Arc   Edge    Cell      Fanout Load Trans Delay Arrival Instance 
#                                                                                     (fF)  (ps)  (ps)   (ps)  Location 
#-----------------------------------------------------------------------------------------------------------------------
  Mem_MemInst_stage_reg[0]/CK                  -       -     R     (arrival)       34    -     0     0       0    (-,-) 
  Mem_MemInst_stage_reg[0]/Q                   -       CK->Q R     DFFRHQX1         3 10.0   135   196     196    (-,-) 
  g104580/Y                                    -       A->Y  F     INVX1            1  4.7    92   106     303    (-,-) 
  g105953__9945/Y                              -       B->Y  F     OR2X6           32 74.9   211   200     502    (-,-) 
  g105092__9315/Y                              -       A->Y  R     NOR2X1           1  4.1   133   160     662    (-,-) 
  Mem_MemInst_RC_CG_HIER_INST13/RC_CGIC_INST/E -       -     R     TLATNTSCAX2      1    -     -     0     662    (-,-) 
#-----------------------------------------------------------------------------------------------------------------------



Path 23: MET (112 ps) Clock Gating Setup Check at cgic pin Mem_MemInst_RC_CG_HIER_INST12/RC_CGIC_INST/E
          Group: cg_enable_group_realClock
     Startpoint: (R) Mem_MemInst_stage_reg[0]/CK
          Clock: (R) realClock
       Endpoint: (R) Mem_MemInst_RC_CG_HIER_INST12/RC_CGIC_INST/E
          Clock: (R) realClock

                     Capture       Launch     
        Clock Edge:+     870            0     
       Src Latency:+       0            0     
       Net Latency:+       0 (I)        0 (I) 
           Arrival:=     870            0     
                                              
  Gate Check Setup:-      96                  
     Required Time:=     774                  
      Launch Clock:-       0                  
         Data Path:-     662                  
             Slack:=     112                  

#-----------------------------------------------------------------------------------------------------------------------
#                Timing Point                  Flags   Arc   Edge    Cell      Fanout Load Trans Delay Arrival Instance 
#                                                                                     (fF)  (ps)  (ps)   (ps)  Location 
#-----------------------------------------------------------------------------------------------------------------------
  Mem_MemInst_stage_reg[0]/CK                  -       -     R     (arrival)       34    -     0     0       0    (-,-) 
  Mem_MemInst_stage_reg[0]/Q                   -       CK->Q R     DFFRHQX1         3 10.0   135   196     196    (-,-) 
  g104580/Y                                    -       A->Y  F     INVX1            1  4.7    92   106     303    (-,-) 
  g105953__9945/Y                              -       B->Y  F     OR2X6           32 74.9   211   200     502    (-,-) 
  g105094__2883/Y                              -       A->Y  R     NOR2X1           1  4.1   133   160     662    (-,-) 
  Mem_MemInst_RC_CG_HIER_INST12/RC_CGIC_INST/E -       -     R     TLATNTSCAX2      1    -     -     0     662    (-,-) 
#-----------------------------------------------------------------------------------------------------------------------



Path 24: MET (112 ps) Clock Gating Setup Check at cgic pin Mem_MemInst_RC_CG_HIER_INST11/RC_CGIC_INST/E
          Group: cg_enable_group_realClock
     Startpoint: (R) Mem_MemInst_stage_reg[0]/CK
          Clock: (R) realClock
       Endpoint: (R) Mem_MemInst_RC_CG_HIER_INST11/RC_CGIC_INST/E
          Clock: (R) realClock

                     Capture       Launch     
        Clock Edge:+     870            0     
       Src Latency:+       0            0     
       Net Latency:+       0 (I)        0 (I) 
           Arrival:=     870            0     
                                              
  Gate Check Setup:-      96                  
     Required Time:=     774                  
      Launch Clock:-       0                  
         Data Path:-     662                  
             Slack:=     112                  

#-----------------------------------------------------------------------------------------------------------------------
#                Timing Point                  Flags   Arc   Edge    Cell      Fanout Load Trans Delay Arrival Instance 
#                                                                                     (fF)  (ps)  (ps)   (ps)  Location 
#-----------------------------------------------------------------------------------------------------------------------
  Mem_MemInst_stage_reg[0]/CK                  -       -     R     (arrival)       34    -     0     0       0    (-,-) 
  Mem_MemInst_stage_reg[0]/Q                   -       CK->Q R     DFFRHQX1         3 10.0   135   196     196    (-,-) 
  g104580/Y                                    -       A->Y  F     INVX1            1  4.7    92   106     303    (-,-) 
  g105953__9945/Y                              -       B->Y  F     OR2X6           32 74.9   211   200     502    (-,-) 
  g105081__2802/Y                              -       A->Y  R     NOR2X1           1  4.1   133   160     662    (-,-) 
  Mem_MemInst_RC_CG_HIER_INST11/RC_CGIC_INST/E -       -     R     TLATNTSCAX2      1    -     -     0     662    (-,-) 
#-----------------------------------------------------------------------------------------------------------------------



Path 25: MET (112 ps) Clock Gating Setup Check at cgic pin Mem_MemInst_RC_CG_HIER_INST10/RC_CGIC_INST/E
          Group: cg_enable_group_realClock
     Startpoint: (R) Mem_MemInst_stage_reg[0]/CK
          Clock: (R) realClock
       Endpoint: (R) Mem_MemInst_RC_CG_HIER_INST10/RC_CGIC_INST/E
          Clock: (R) realClock

                     Capture       Launch     
        Clock Edge:+     870            0     
       Src Latency:+       0            0     
       Net Latency:+       0 (I)        0 (I) 
           Arrival:=     870            0     
                                              
  Gate Check Setup:-      96                  
     Required Time:=     774                  
      Launch Clock:-       0                  
         Data Path:-     662                  
             Slack:=     112                  

#-----------------------------------------------------------------------------------------------------------------------
#                Timing Point                  Flags   Arc   Edge    Cell      Fanout Load Trans Delay Arrival Instance 
#                                                                                     (fF)  (ps)  (ps)   (ps)  Location 
#-----------------------------------------------------------------------------------------------------------------------
  Mem_MemInst_stage_reg[0]/CK                  -       -     R     (arrival)       34    -     0     0       0    (-,-) 
  Mem_MemInst_stage_reg[0]/Q                   -       CK->Q R     DFFRHQX1         3 10.0   135   196     196    (-,-) 
  g104580/Y                                    -       A->Y  F     INVX1            1  4.7    92   106     303    (-,-) 
  g105953__9945/Y                              -       B->Y  F     OR2X6           32 74.9   211   200     502    (-,-) 
  g105079__3680/Y                              -       A->Y  R     NOR2X1           1  4.1   133   160     662    (-,-) 
  Mem_MemInst_RC_CG_HIER_INST10/RC_CGIC_INST/E -       -     R     TLATNTSCAX2      1    -     -     0     662    (-,-) 
#-----------------------------------------------------------------------------------------------------------------------



Path 26: MET (112 ps) Clock Gating Setup Check at cgic pin Mem_MemInst_RC_CG_HIER_INST9/RC_CGIC_INST/E
          Group: cg_enable_group_realClock
     Startpoint: (R) Mem_MemInst_stage_reg[0]/CK
          Clock: (R) realClock
       Endpoint: (R) Mem_MemInst_RC_CG_HIER_INST9/RC_CGIC_INST/E
          Clock: (R) realClock

                     Capture       Launch     
        Clock Edge:+     870            0     
       Src Latency:+       0            0     
       Net Latency:+       0 (I)        0 (I) 
           Arrival:=     870            0     
                                              
  Gate Check Setup:-      96                  
     Required Time:=     774                  
      Launch Clock:-       0                  
         Data Path:-     662                  
             Slack:=     112                  

#----------------------------------------------------------------------------------------------------------------------
#                Timing Point                 Flags   Arc   Edge    Cell      Fanout Load Trans Delay Arrival Instance 
#                                                                                    (fF)  (ps)  (ps)   (ps)  Location 
#----------------------------------------------------------------------------------------------------------------------
  Mem_MemInst_stage_reg[0]/CK                 -       -     R     (arrival)       34    -     0     0       0    (-,-) 
  Mem_MemInst_stage_reg[0]/Q                  -       CK->Q R     DFFRHQX1         3 10.0   135   196     196    (-,-) 
  g104580/Y                                   -       A->Y  F     INVX1            1  4.7    92   106     303    (-,-) 
  g105953__9945/Y                             -       B->Y  F     OR2X6           32 74.9   211   200     502    (-,-) 
  g105103__4319/Y                             -       A->Y  R     NOR2X1           1  4.1   133   160     662    (-,-) 
  Mem_MemInst_RC_CG_HIER_INST9/RC_CGIC_INST/E -       -     R     TLATNTSCAX2      1    -     -     0     662    (-,-) 
#----------------------------------------------------------------------------------------------------------------------



Path 27: MET (112 ps) Clock Gating Setup Check at cgic pin Mem_MemInst_RC_CG_HIER_INST7/RC_CGIC_INST/E
          Group: cg_enable_group_realClock
     Startpoint: (R) Mem_MemInst_stage_reg[0]/CK
          Clock: (R) realClock
       Endpoint: (R) Mem_MemInst_RC_CG_HIER_INST7/RC_CGIC_INST/E
          Clock: (R) realClock

                     Capture       Launch     
        Clock Edge:+     870            0     
       Src Latency:+       0            0     
       Net Latency:+       0 (I)        0 (I) 
           Arrival:=     870            0     
                                              
  Gate Check Setup:-      96                  
     Required Time:=     774                  
      Launch Clock:-       0                  
         Data Path:-     662                  
             Slack:=     112                  

#----------------------------------------------------------------------------------------------------------------------
#                Timing Point                 Flags   Arc   Edge    Cell      Fanout Load Trans Delay Arrival Instance 
#                                                                                    (fF)  (ps)  (ps)   (ps)  Location 
#----------------------------------------------------------------------------------------------------------------------
  Mem_MemInst_stage_reg[0]/CK                 -       -     R     (arrival)       34    -     0     0       0    (-,-) 
  Mem_MemInst_stage_reg[0]/Q                  -       CK->Q R     DFFRHQX1         3 10.0   135   196     196    (-,-) 
  g104580/Y                                   -       A->Y  F     INVX1            1  4.7    92   106     303    (-,-) 
  g105953__9945/Y                             -       B->Y  F     OR2X6           32 74.9   211   200     502    (-,-) 
  g105084__8246/Y                             -       A->Y  R     NOR2X1           1  4.1   133   160     662    (-,-) 
  Mem_MemInst_RC_CG_HIER_INST7/RC_CGIC_INST/E -       -     R     TLATNTSCAX2      1    -     -     0     662    (-,-) 
#----------------------------------------------------------------------------------------------------------------------



Path 28: MET (112 ps) Clock Gating Setup Check at cgic pin Mem_MemInst_RC_CG_HIER_INST6/RC_CGIC_INST/E
          Group: cg_enable_group_realClock
     Startpoint: (R) Mem_MemInst_stage_reg[0]/CK
          Clock: (R) realClock
       Endpoint: (R) Mem_MemInst_RC_CG_HIER_INST6/RC_CGIC_INST/E
          Clock: (R) realClock

                     Capture       Launch     
        Clock Edge:+     870            0     
       Src Latency:+       0            0     
       Net Latency:+       0 (I)        0 (I) 
           Arrival:=     870            0     
                                              
  Gate Check Setup:-      96                  
     Required Time:=     774                  
      Launch Clock:-       0                  
         Data Path:-     662                  
             Slack:=     112                  

#----------------------------------------------------------------------------------------------------------------------
#                Timing Point                 Flags   Arc   Edge    Cell      Fanout Load Trans Delay Arrival Instance 
#                                                                                    (fF)  (ps)  (ps)   (ps)  Location 
#----------------------------------------------------------------------------------------------------------------------
  Mem_MemInst_stage_reg[0]/CK                 -       -     R     (arrival)       34    -     0     0       0    (-,-) 
  Mem_MemInst_stage_reg[0]/Q                  -       CK->Q R     DFFRHQX1         3 10.0   135   196     196    (-,-) 
  g104580/Y                                   -       A->Y  F     INVX1            1  4.7    92   106     303    (-,-) 
  g105953__9945/Y                             -       B->Y  F     OR2X6           32 74.9   211   200     502    (-,-) 
  g105074__6260/Y                             -       A->Y  R     NOR2X1           1  4.1   133   160     662    (-,-) 
  Mem_MemInst_RC_CG_HIER_INST6/RC_CGIC_INST/E -       -     R     TLATNTSCAX2      1    -     -     0     662    (-,-) 
#----------------------------------------------------------------------------------------------------------------------



Path 29: MET (112 ps) Clock Gating Setup Check at cgic pin Mem_MemInst_RC_CG_HIER_INST5/RC_CGIC_INST/E
          Group: cg_enable_group_realClock
     Startpoint: (R) Mem_MemInst_stage_reg[0]/CK
          Clock: (R) realClock
       Endpoint: (R) Mem_MemInst_RC_CG_HIER_INST5/RC_CGIC_INST/E
          Clock: (R) realClock

                     Capture       Launch     
        Clock Edge:+     870            0     
       Src Latency:+       0            0     
       Net Latency:+       0 (I)        0 (I) 
           Arrival:=     870            0     
                                              
  Gate Check Setup:-      96                  
     Required Time:=     774                  
      Launch Clock:-       0                  
         Data Path:-     662                  
             Slack:=     112                  

#----------------------------------------------------------------------------------------------------------------------
#                Timing Point                 Flags   Arc   Edge    Cell      Fanout Load Trans Delay Arrival Instance 
#                                                                                    (fF)  (ps)  (ps)   (ps)  Location 
#----------------------------------------------------------------------------------------------------------------------
  Mem_MemInst_stage_reg[0]/CK                 -       -     R     (arrival)       34    -     0     0       0    (-,-) 
  Mem_MemInst_stage_reg[0]/Q                  -       CK->Q R     DFFRHQX1         3 10.0   135   196     196    (-,-) 
  g104580/Y                                   -       A->Y  F     INVX1            1  4.7    92   106     303    (-,-) 
  g105953__9945/Y                             -       B->Y  F     OR2X6           32 74.9   211   200     502    (-,-) 
  g105093__9945/Y                             -       A->Y  R     NOR2X1           1  4.1   133   160     662    (-,-) 
  Mem_MemInst_RC_CG_HIER_INST5/RC_CGIC_INST/E -       -     R     TLATNTSCAX2      1    -     -     0     662    (-,-) 
#----------------------------------------------------------------------------------------------------------------------



Path 30: MET (112 ps) Clock Gating Setup Check at cgic pin Mem_MemInst_RC_CG_HIER_INST3/RC_CGIC_INST/E
          Group: cg_enable_group_realClock
     Startpoint: (R) Mem_MemInst_stage_reg[0]/CK
          Clock: (R) realClock
       Endpoint: (R) Mem_MemInst_RC_CG_HIER_INST3/RC_CGIC_INST/E
          Clock: (R) realClock

                     Capture       Launch     
        Clock Edge:+     870            0     
       Src Latency:+       0            0     
       Net Latency:+       0 (I)        0 (I) 
           Arrival:=     870            0     
                                              
  Gate Check Setup:-      96                  
     Required Time:=     774                  
      Launch Clock:-       0                  
         Data Path:-     662                  
             Slack:=     112                  

#----------------------------------------------------------------------------------------------------------------------
#                Timing Point                 Flags   Arc   Edge    Cell      Fanout Load Trans Delay Arrival Instance 
#                                                                                    (fF)  (ps)  (ps)   (ps)  Location 
#----------------------------------------------------------------------------------------------------------------------
  Mem_MemInst_stage_reg[0]/CK                 -       -     R     (arrival)       34    -     0     0       0    (-,-) 
  Mem_MemInst_stage_reg[0]/Q                  -       CK->Q R     DFFRHQX1         3 10.0   135   196     196    (-,-) 
  g104580/Y                                   -       A->Y  F     INVX1            1  4.7    92   106     303    (-,-) 
  g105953__9945/Y                             -       B->Y  F     OR2X6           32 74.9   211   200     502    (-,-) 
  g105102__6260/Y                             -       A->Y  R     NOR2X1           1  4.1   133   160     662    (-,-) 
  Mem_MemInst_RC_CG_HIER_INST3/RC_CGIC_INST/E -       -     R     TLATNTSCAX2      1    -     -     0     662    (-,-) 
#----------------------------------------------------------------------------------------------------------------------



Path 31: MET (112 ps) Clock Gating Setup Check at cgic pin Mem_MemInst_RC_CG_HIER_INST2/RC_CGIC_INST/E
          Group: cg_enable_group_realClock
     Startpoint: (R) Mem_MemInst_stage_reg[0]/CK
          Clock: (R) realClock
       Endpoint: (R) Mem_MemInst_RC_CG_HIER_INST2/RC_CGIC_INST/E
          Clock: (R) realClock

                     Capture       Launch     
        Clock Edge:+     870            0     
       Src Latency:+       0            0     
       Net Latency:+       0 (I)        0 (I) 
           Arrival:=     870            0     
                                              
  Gate Check Setup:-      96                  
     Required Time:=     774                  
      Launch Clock:-       0                  
         Data Path:-     662                  
             Slack:=     112                  

#----------------------------------------------------------------------------------------------------------------------
#                Timing Point                 Flags   Arc   Edge    Cell      Fanout Load Trans Delay Arrival Instance 
#                                                                                    (fF)  (ps)  (ps)   (ps)  Location 
#----------------------------------------------------------------------------------------------------------------------
  Mem_MemInst_stage_reg[0]/CK                 -       -     R     (arrival)       34    -     0     0       0    (-,-) 
  Mem_MemInst_stage_reg[0]/Q                  -       CK->Q R     DFFRHQX1         3 10.0   135   196     196    (-,-) 
  g104580/Y                                   -       A->Y  F     INVX1            1  4.7    92   106     303    (-,-) 
  g105953__9945/Y                             -       B->Y  F     OR2X6           32 74.9   211   200     502    (-,-) 
  g105100__2398/Y                             -       A->Y  R     NOR2X1           1  4.1   133   160     662    (-,-) 
  Mem_MemInst_RC_CG_HIER_INST2/RC_CGIC_INST/E -       -     R     TLATNTSCAX2      1    -     -     0     662    (-,-) 
#----------------------------------------------------------------------------------------------------------------------



Path 32: MET (112 ps) Clock Gating Setup Check at cgic pin Mem_MemInst_RC_CG_HIER_INST1/RC_CGIC_INST/E
          Group: cg_enable_group_realClock
     Startpoint: (R) Mem_MemInst_stage_reg[0]/CK
          Clock: (R) realClock
       Endpoint: (R) Mem_MemInst_RC_CG_HIER_INST1/RC_CGIC_INST/E
          Clock: (R) realClock

                     Capture       Launch     
        Clock Edge:+     870            0     
       Src Latency:+       0            0     
       Net Latency:+       0 (I)        0 (I) 
           Arrival:=     870            0     
                                              
  Gate Check Setup:-      96                  
     Required Time:=     774                  
      Launch Clock:-       0                  
         Data Path:-     662                  
             Slack:=     112                  

#----------------------------------------------------------------------------------------------------------------------
#                Timing Point                 Flags   Arc   Edge    Cell      Fanout Load Trans Delay Arrival Instance 
#                                                                                    (fF)  (ps)  (ps)   (ps)  Location 
#----------------------------------------------------------------------------------------------------------------------
  Mem_MemInst_stage_reg[0]/CK                 -       -     R     (arrival)       34    -     0     0       0    (-,-) 
  Mem_MemInst_stage_reg[0]/Q                  -       CK->Q R     DFFRHQX1         3 10.0   135   196     196    (-,-) 
  g104580/Y                                   -       A->Y  F     INVX1            1  4.7    92   106     303    (-,-) 
  g105953__9945/Y                             -       B->Y  F     OR2X6           32 74.9   211   200     502    (-,-) 
  g105099__5477/Y                             -       A->Y  R     NOR2X1           1  4.1   133   160     662    (-,-) 
  Mem_MemInst_RC_CG_HIER_INST1/RC_CGIC_INST/E -       -     R     TLATNTSCAX2      1    -     -     0     662    (-,-) 
#----------------------------------------------------------------------------------------------------------------------



Path 33: MET (112 ps) Clock Gating Setup Check at cgic pin Mem_MemInst_RC_CG_HIER_INST0/RC_CGIC_INST/E
          Group: cg_enable_group_realClock
     Startpoint: (R) Mem_MemInst_stage_reg[0]/CK
          Clock: (R) realClock
       Endpoint: (R) Mem_MemInst_RC_CG_HIER_INST0/RC_CGIC_INST/E
          Clock: (R) realClock

                     Capture       Launch     
        Clock Edge:+     870            0     
       Src Latency:+       0            0     
       Net Latency:+       0 (I)        0 (I) 
           Arrival:=     870            0     
                                              
  Gate Check Setup:-      96                  
     Required Time:=     774                  
      Launch Clock:-       0                  
         Data Path:-     662                  
             Slack:=     112                  

#----------------------------------------------------------------------------------------------------------------------
#                Timing Point                 Flags   Arc   Edge    Cell      Fanout Load Trans Delay Arrival Instance 
#                                                                                    (fF)  (ps)  (ps)   (ps)  Location 
#----------------------------------------------------------------------------------------------------------------------
  Mem_MemInst_stage_reg[0]/CK                 -       -     R     (arrival)       34    -     0     0       0    (-,-) 
  Mem_MemInst_stage_reg[0]/Q                  -       CK->Q R     DFFRHQX1         3 10.0   135   196     196    (-,-) 
  g104580/Y                                   -       A->Y  F     INVX1            1  4.7    92   106     303    (-,-) 
  g105953__9945/Y                             -       B->Y  F     OR2X6           32 74.9   211   200     502    (-,-) 
  g105096__1666/Y                             -       A->Y  R     NOR2X1           1  4.1   133   160     662    (-,-) 
  Mem_MemInst_RC_CG_HIER_INST0/RC_CGIC_INST/E -       -     R     TLATNTSCAX2      1    -     -     0     662    (-,-) 
#----------------------------------------------------------------------------------------------------------------------

Some unconstrained paths have not been displayed.
Use -unconstrained or set the root attribute 'timing_report_unconstrained' to 'true' to see only these unconstrained paths.

