============================================================
  Generated by:           Genus(TM) Synthesis Solution 20.10-p001_1
  Generated on:           Jul 14 2025  11:10:24 pm
  Module:                 Top
  Operating conditions:   PVT_1P08V_125C 
  Interconnect mode:      global
  Area mode:              timing library
============================================================

Timing
--------

  Clock   Period 
-----------------
realClock 1100.0 


           Cost             Critical         Violating 
          Group            Path Slack  TNS     Paths   
-------------------------------------------------------
C2C                               0.0   0.0          0 
C2O                          No paths   0.0            
cg_enable_group_realClock       358.2   0.0          0 
default                      No paths   0.0            
I2C                          No paths   0.0            
I2O                          No paths   0.0            
realClock                    No paths   0.0            
-------------------------------------------------------
Total                                   0.0          0 

Instance Count
--------------
Leaf Instance Count             1768 
Physical Instance count            0 
Sequential Instance Count        864 
Combinational Instance Count     904 
Hierarchical Instance Count       32 

Area
----
Cell Area                          7785.476
Physical Cell Area                 0.000
Total Cell Area (Cell+Physical)    7785.476
Net Area                           1946.316
Total Area (Cell+Physical+Net)     9731.792

Runtime                            0.0 seconds
Elapsed Runtime                    162 seconds
Genus peak memory usage            1203.71 
Innovus peak memory usage          no_value 
Hostname                           gama03
