============================================================
  Generated by:           Genus(TM) Synthesis Solution 20.10-p001_1
  Generated on:           Jul 14 2025  11:10:25 pm
  Module:                 Top
  Operating conditions:   PVT_1P08V_125C 
  Interconnect mode:      global
  Area mode:              timing library
============================================================

                                   Leakage  
    Gate     Instances    Area   Power (nW)     Library    
-----------------------------------------------------------
ADDHX1              28   105.336      3.919    slow_vdd1v2 
AND2X1               1     1.368      0.067    slow_vdd1v2 
AND2X2               5     8.550      0.450    slow_vdd1v2 
AO22X1              11    30.096      0.765    slow_vdd1v2 
AO22X2              26    80.028      2.699    slow_vdd1v2 
AO22X4              51   191.862     11.296    slow_vdd1v2 
AOI222X4             2    19.152      1.001    slow_vdd1v2 
AOI22X1              5    10.260      0.389    slow_vdd1v2 
AOI22X2            300  1128.600     48.360    slow_vdd1v2 
AOI2BB1X4            1     4.104      0.277    slow_vdd1v2 
CLKAND2X2          126   258.552     14.263    slow_vdd1v2 
CLKAND2X3           19    58.482      3.572    slow_vdd1v2 
CLKAND2X6            1     4.788      0.389    slow_vdd1v2 
CLKINVX4            29    49.590      4.168    slow_vdd1v2 
CLKINVX6             3     7.182      0.676    slow_vdd1v2 
CLKXOR2X1            6    16.416      0.596    slow_vdd1v2 
CLKXOR2X2            2     6.840      0.274    slow_vdd1v2 
DFFHQX1            771  4218.912    156.750    slow_vdd1v2 
DFFHQX4              1     8.208      0.346    slow_vdd1v2 
DFFQX1              15    87.210      2.344    slow_vdd1v2 
DFFQX2              12    77.976      2.407    slow_vdd1v2 
DFFQXL               1     5.472      0.140    slow_vdd1v2 
DFFRHQX1             4    24.624      0.879    slow_vdd1v2 
DFFRHQX8            25   282.150     15.559    slow_vdd1v2 
DFFRX1               2    13.680      0.434    slow_vdd1v2 
INVX1                3     2.052      0.097    slow_vdd1v2 
INVX2                1     1.026      0.068    slow_vdd1v2 
INVXL                1     0.684      0.016    slow_vdd1v2 
MX2X1                1     2.394      0.084    slow_vdd1v2 
NAND2BX1             2     2.736      0.120    slow_vdd1v2 
NAND2BX2             1     2.394      0.102    slow_vdd1v2 
NAND2BX4             2     7.524      0.449    slow_vdd1v2 
NAND2X1              1     1.026      0.043    slow_vdd1v2 
NAND2X2             16    27.360      1.947    slow_vdd1v2 
NAND2X4             62   195.077     16.568    slow_vdd1v2 
NAND2X6              9    41.091      3.497    slow_vdd1v2 
NAND3X4             10    47.880      3.559    slow_vdd1v2 
NAND4BBX4            1     7.866      0.598    slow_vdd1v2 
NAND4X4              4    27.360      2.115    slow_vdd1v2 
NOR2BX1              1     1.368      0.044    slow_vdd1v2 
NOR2BX2              4    10.944      0.396    slow_vdd1v2 
NOR2X1              34    34.884      1.268    slow_vdd1v2 
NOR2X2               3     5.130      0.354    slow_vdd1v2 
NOR2X4              45   138.510     12.931    slow_vdd1v2 
NOR3X4               3    15.390      0.702    slow_vdd1v2 
NOR4X2               1     3.420      0.214    slow_vdd1v2 
NOR4X4              13    84.474      5.911    slow_vdd1v2 
NOR4X6              12    98.496      7.554    slow_vdd1v2 
OR2X1               38    51.984      1.974    slow_vdd1v2 
OR2X2                1     1.710      0.092    slow_vdd1v2 
OR2X6                1     3.762      0.347    slow_vdd1v2 
TLATNTSCAX2         32   207.936      6.046    slow_vdd1v2 
TLATX1               1     5.472      0.177    slow_vdd1v2 
XNOR2X1              2     4.788      0.194    slow_vdd1v2 
XNOR2X2             14    43.092      1.856    slow_vdd1v2 
XOR2X4               2     8.208      0.501    slow_vdd1v2 
-----------------------------------------------------------
total             1768  7785.476    341.842                


                                                         Leakage  Leakage 
            Type             Instances   Area   Area % Power (nW) Power % 
--------------------------------------------------------------------------
sequential                         832 4723.704   60.7    179.037    52.4 
inverter                            37   60.534    0.8      5.025     1.5 
clock_gating_integrated_cell        32  207.936    2.7      6.046     1.8 
logic                              867 2793.302   35.9    151.734    44.4 
physical_cells                       0    0.000    0.0      0.000     0.0 
--------------------------------------------------------------------------
total                             1768 7785.476  100.0    341.842   100.0 

