============================================================
  Generated by:           Genus(TM) Synthesis Solution 20.10-p001_1
  Generated on:           Jul 14 2025  11:19:10 pm
  Module:                 Top
  Operating conditions:   PVT_1P08V_125C 
  Interconnect mode:      global
  Area mode:              timing library
============================================================

                                   Leakage  
    Gate     Instances    Area   Power (nW)     Library    
-----------------------------------------------------------
ADDHX1              28   105.336      3.919    slow_vdd1v2 
AO22X1              21    57.456      1.460    slow_vdd1v2 
AO22X2              39   120.042      4.049    slow_vdd1v2 
AO22X4              49   184.338     10.853    slow_vdd1v2 
AOI21X2              1     2.736      0.143    slow_vdd1v2 
AOI21X4              1     5.130      0.225    slow_vdd1v2 
AOI222X4             2    19.152      1.001    slow_vdd1v2 
AOI22X1              3     6.156      0.233    slow_vdd1v2 
AOI22X2            280  1053.360     45.133    slow_vdd1v2 
AOI22X4              3    18.468      1.010    slow_vdd1v2 
CLKAND2X2          122   250.344     13.830    slow_vdd1v2 
CLKAND2X3           15    46.170      2.804    slow_vdd1v2 
CLKINVX4            30    51.300      4.312    slow_vdd1v2 
CLKINVX6             2     4.788      0.450    slow_vdd1v2 
CLKXOR2X1            1     2.736      0.089    slow_vdd1v2 
DFFHQX1            773  4229.856    157.149    slow_vdd1v2 
DFFQX1              21   122.094      3.282    slow_vdd1v2 
DFFQX2               5    32.490      1.003    slow_vdd1v2 
DFFQXL               1     5.472      0.140    slow_vdd1v2 
DFFRHQX1             4    24.624      0.877    slow_vdd1v2 
DFFRHQX8            25   282.150     15.552    slow_vdd1v2 
DFFRX1               1     6.840      0.217    slow_vdd1v2 
DFFRX4               1     9.576      0.521    slow_vdd1v2 
INVX1                4     2.736      0.128    slow_vdd1v2 
INVXL                1     0.684      0.016    slow_vdd1v2 
NAND2BX1             2     2.736      0.120    slow_vdd1v2 
NAND2BX2             3     7.182      0.296    slow_vdd1v2 
NAND2BX4             2     7.524      0.449    slow_vdd1v2 
NAND2X2             16    27.360      1.761    slow_vdd1v2 
NAND2X4             64   201.370     17.316    slow_vdd1v2 
NAND2X6             17    77.617      6.633    slow_vdd1v2 
NAND3X2              1     2.736      0.183    slow_vdd1v2 
NAND3X4              9    43.092      3.615    slow_vdd1v2 
NAND3X6              1     7.182      0.304    slow_vdd1v2 
NAND3X8              1     8.208      0.849    slow_vdd1v2 
NAND4X6              1     8.550      0.765    slow_vdd1v2 
NOR2BX1              1     1.368      0.044    slow_vdd1v2 
NOR2X1              34    34.884      1.268    slow_vdd1v2 
NOR2X2               3     5.130      0.393    slow_vdd1v2 
NOR2X4              55   169.290     16.025    slow_vdd1v2 
NOR2X6               4    16.416      1.545    slow_vdd1v2 
NOR3X4               1     5.130      0.345    slow_vdd1v2 
NOR3X6               1     7.182      0.213    slow_vdd1v2 
NOR4X4               7    45.486      3.191    slow_vdd1v2 
NOR4X6              17   139.536     10.646    slow_vdd1v2 
OAI211X4             1     6.498      0.357    slow_vdd1v2 
OAI21X4              1     4.788      0.277    slow_vdd1v2 
OAI2BB1X4            1     4.446      0.299    slow_vdd1v2 
OR2X1               38    51.984      1.974    slow_vdd1v2 
OR2X2                1     1.710      0.092    slow_vdd1v2 
OR2X6                1     3.762      0.347    slow_vdd1v2 
OR4X6                1     5.472      0.331    slow_vdd1v2 
TLATNTSCAX2         32   207.936      6.052    slow_vdd1v2 
TLATX1               1     5.472      0.176    slow_vdd1v2 
XNOR2X1              2     4.788      0.194    slow_vdd1v2 
XNOR2X2             15    46.170      1.989    slow_vdd1v2 
XOR2X2               2     6.840      0.269    slow_vdd1v2 
XOR2X4               5    20.520      1.252    slow_vdd1v2 
-----------------------------------------------------------
total             1774  7832.398    347.969                


                                                         Leakage  Leakage 
            Type             Instances   Area   Area % Power (nW) Power % 
--------------------------------------------------------------------------
sequential                         832 4718.574   60.2    178.918    51.4 
inverter                            37   59.508    0.8      4.907     1.4 
clock_gating_integrated_cell        32  207.936    2.7      6.052     1.7 
logic                              873 2846.380   36.3    158.091    45.4 
physical_cells                       0    0.000    0.0      0.000     0.0 
--------------------------------------------------------------------------
total                             1774 7832.398  100.0    347.969   100.0 

