============================================================
  Generated by:           Genus(TM) Synthesis Solution 20.10-p001_1
  Generated on:           Jul 14 2025  11:45:07 pm
  Module:                 Top
  Operating conditions:   PVT_1P08V_125C 
  Interconnect mode:      global
  Area mode:              timing library
============================================================

Timing
--------

  Clock   Period 
-----------------
realClock  700.0 


           Cost             Critical            Violating 
          Group            Path Slack    TNS      Paths   
----------------------------------------------------------
C2C                            -116.5   -116.5          1 
C2O                          No paths      0.0            
cg_enable_group_realClock        12.7      0.0          0 
default                      No paths      0.0            
I2C                          No paths      0.0            
I2O                          No paths      0.0            
realClock                    No paths      0.0            
----------------------------------------------------------
Total                                   -116.5          1 

Instance Count
--------------
Leaf Instance Count             1981 
Physical Instance count            0 
Sequential Instance Count        864 
Combinational Instance Count    1117 
Hierarchical Instance Count       32 

Area
----
Cell Area                          11096.994
Physical Cell Area                 0.000
Total Cell Area (Cell+Physical)    11096.994
Net Area                           2169.939
Total Area (Cell+Physical+Net)     13266.933

Runtime                            0.0 seconds
Elapsed Runtime                    262 seconds
Genus peak memory usage            1207.23 
Innovus peak memory usage          no_value 
Hostname                           gama03
