============================================================
  Generated by:           Genus(TM) Synthesis Solution 20.10-p001_1
  Generated on:           Jul 14 2025  11:45:07 pm
  Module:                 Top
  Operating conditions:   PVT_1P08V_125C 
  Interconnect mode:      global
  Area mode:              timing library
============================================================

                                    Leakage  
    Gate     Instances    Area    Power (nW)     Library    
------------------------------------------------------------
ADDHX1              28    105.336      3.919    slow_vdd1v2 
AND2X1               1      1.368      0.051    slow_vdd1v2 
AND2X6              26     97.812      7.929    slow_vdd1v2 
AO22X2               1      3.078      0.102    slow_vdd1v2 
AO22X4              12     45.144      2.632    slow_vdd1v2 
AOI21X4              7     35.910      1.912    slow_vdd1v2 
AOI22X4            366   2253.096    118.329    slow_vdd1v2 
AOI32X4              2     15.732      0.711    slow_vdd1v2 
BUFX2                1      1.710      0.085    slow_vdd1v2 
BUFX6                1      3.078      0.295    slow_vdd1v2 
CLKAND2X12           1      7.524      0.717    slow_vdd1v2 
CLKAND2X3            9     27.702      1.647    slow_vdd1v2 
CLKAND2X6           50    239.400     19.183    slow_vdd1v2 
CLKINVX12            1      4.104      0.466    slow_vdd1v2 
CLKINVX6            14     33.516      3.154    slow_vdd1v2 
CLKXOR2X1            1      2.736      0.089    slow_vdd1v2 
DFFHQX1            109    596.448     22.170    slow_vdd1v2 
DFFHQX4            100    820.800     34.619    slow_vdd1v2 
DFFQX1              70    406.980     10.944    slow_vdd1v2 
DFFQX2             502   3261.996    100.726    slow_vdd1v2 
DFFQX4              19    136.458      5.851    slow_vdd1v2 
DFFRHQX1             4     24.624      0.889    slow_vdd1v2 
DFFRHQX8            25    282.150     15.626    slow_vdd1v2 
DFFRX1               1      6.840      0.219    slow_vdd1v2 
DFFRX2               1      7.524      0.303    slow_vdd1v2 
INVX1                4      2.736      0.128    slow_vdd1v2 
INVX2               10     10.260      0.671    slow_vdd1v2 
INVXL                9      6.156      0.150    slow_vdd1v2 
NAND2BX1             2      2.736      0.114    slow_vdd1v2 
NAND2BX2             2      4.788      0.213    slow_vdd1v2 
NAND2BX4             5     18.810      0.906    slow_vdd1v2 
NAND2X1              4      4.104      0.161    slow_vdd1v2 
NAND2X2             10     17.100      0.845    slow_vdd1v2 
NAND2X4             49    154.174     10.855    slow_vdd1v2 
NAND2X6            115    525.055     47.602    slow_vdd1v2 
NAND2X8            118    619.465     65.826    slow_vdd1v2 
NAND2XL              1      1.026      0.018    slow_vdd1v2 
NAND3BX4             1      5.130      0.315    slow_vdd1v2 
NAND3X4              2      9.576      0.549    slow_vdd1v2 
NAND3X6              1      7.182      0.643    slow_vdd1v2 
NAND3X8              8     65.664      4.663    slow_vdd1v2 
NOR2BX1             25     34.200      1.163    slow_vdd1v2 
NOR2BX4              2      7.524      0.435    slow_vdd1v2 
NOR2X1              16     16.416      0.608    slow_vdd1v2 
NOR2X2               4      6.840      0.382    slow_vdd1v2 
NOR2X4              48    147.744     13.760    slow_vdd1v2 
NOR2X6              54    221.616     22.806    slow_vdd1v2 
NOR2X8              34    186.048     18.474    slow_vdd1v2 
NOR2XL               1      1.026      0.019    slow_vdd1v2 
NOR3X4               2     10.260      0.748    slow_vdd1v2 
NOR3X6               7     50.274      3.413    slow_vdd1v2 
NOR3X8              15    133.380      8.997    slow_vdd1v2 
NOR4X8               1     10.602      0.337    slow_vdd1v2 
OA21X4               4     15.048      0.829    slow_vdd1v2 
OAI21X4             26    124.488      7.239    slow_vdd1v2 
OAI2BB1X4            3     13.338      0.963    slow_vdd1v2 
OR2X1                8     10.944      0.416    slow_vdd1v2 
OR2X6                5     18.810      1.691    slow_vdd1v2 
TLATNTSCAX2         32    207.936      5.984    slow_vdd1v2 
TLATX1               1      5.472      0.180    slow_vdd1v2 
------------------------------------------------------------
total             1981  11096.994    574.671                


                                                          Leakage  Leakage 
            Type             Instances    Area   Area % Power (nW) Power % 
---------------------------------------------------------------------------
sequential                         832  5549.292   50.0    191.529    33.3 
inverter                            38    56.772    0.5      4.568     0.8 
buffer                               2     4.788    0.0      0.380     0.1 
clock_gating_integrated_cell        32   207.936    1.9      5.984     1.0 
logic                             1077  5278.206   47.6    372.209    64.8 
physical_cells                       0     0.000    0.0      0.000     0.0 
---------------------------------------------------------------------------
total                             1981 11096.994  100.0    574.671   100.0 

