============================================================
  Generated by:           Genus(TM) Synthesis Solution 20.10-p001_1
  Generated on:           Jul 14 2025  11:26:03 pm
  Module:                 Top
  Operating conditions:   PVT_1P08V_125C 
  Interconnect mode:      global
  Area mode:              timing library
============================================================

                                   Leakage  
    Gate     Instances    Area   Power (nW)     Library    
-----------------------------------------------------------
ADDHX1              28   105.336      3.919    slow_vdd1v2 
AND2X1               2     2.736      0.102    slow_vdd1v2 
AND2X2               3     5.130      0.277    slow_vdd1v2 
AND3XL               1     2.052      0.045    slow_vdd1v2 
AO22X1              21    57.456      1.460    slow_vdd1v2 
AO22X2              76   233.928      7.889    slow_vdd1v2 
AO22X4             119   447.678     26.357    slow_vdd1v2 
AOI211X4             1     6.498      0.388    slow_vdd1v2 
AOI222X4             2    19.152      1.001    slow_vdd1v2 
AOI22X1              7    14.364      0.544    slow_vdd1v2 
AOI22X2            162   609.444     26.108    slow_vdd1v2 
AOI22X4             10    61.560      3.368    slow_vdd1v2 
AOI2BB1X4            1     4.104      0.279    slow_vdd1v2 
BUFX2                1     1.710      0.085    slow_vdd1v2 
CLKAND2X2           72   147.744      8.065    slow_vdd1v2 
CLKAND2X3            8    24.624      1.428    slow_vdd1v2 
CLKAND2X6            4    19.152      1.567    slow_vdd1v2 
CLKINVX4            32    54.720      4.600    slow_vdd1v2 
CLKXOR2X1            6    16.416      0.596    slow_vdd1v2 
CLKXOR2X2            4    13.680      0.540    slow_vdd1v2 
DFFHQX1            711  3890.592    144.612    slow_vdd1v2 
DFFHQX4              4    32.832      1.385    slow_vdd1v2 
DFFQX1              50   290.700      7.817    slow_vdd1v2 
DFFQX2              35   227.430      7.023    slow_vdd1v2 
DFFRHQX1             4    24.624      0.889    slow_vdd1v2 
DFFRHQX8            25   282.150     15.626    slow_vdd1v2 
DFFRX1               1     6.840      0.219    slow_vdd1v2 
DFFRX2               1     7.524      0.303    slow_vdd1v2 
INVX1               11     7.524      0.357    slow_vdd1v2 
INVXL                2     1.368      0.033    slow_vdd1v2 
NAND2BX1             2     2.736      0.120    slow_vdd1v2 
NAND2BX2             1     2.394      0.102    slow_vdd1v2 
NAND2BX4             2     7.524      0.449    slow_vdd1v2 
NAND2X1              1     1.026      0.043    slow_vdd1v2 
NAND2X2             11    18.810      1.338    slow_vdd1v2 
NAND2X4             63   198.223     16.898    slow_vdd1v2 
NAND2X6             31   141.537     13.030    slow_vdd1v2 
NAND2X8              3    15.749      1.725    slow_vdd1v2 
NAND3X4              2     9.576      0.792    slow_vdd1v2 
NAND3X6              2    14.364      0.893    slow_vdd1v2 
NAND3X8              1     8.208      0.407    slow_vdd1v2 
NAND4X4              1     6.840      0.529    slow_vdd1v2 
NOR2BX1              1     1.368      0.044    slow_vdd1v2 
NOR2X1              33    33.858      1.219    slow_vdd1v2 
NOR2X2               1     1.710      0.101    slow_vdd1v2 
NOR2X4              90   277.020     26.476    slow_vdd1v2 
NOR2X6              27   110.808     11.853    slow_vdd1v2 
NOR3X4               1     5.130      0.203    slow_vdd1v2 
NOR3X6               1     7.182      0.211    slow_vdd1v2 
NOR4X4               4    25.992      1.823    slow_vdd1v2 
NOR4X6              19   155.952     13.321    slow_vdd1v2 
OAI22X4              1     6.498      0.325    slow_vdd1v2 
OR2X1               38    51.984      1.974    slow_vdd1v2 
OR2X2                1     1.710      0.092    slow_vdd1v2 
OR2X6                1     3.762      0.347    slow_vdd1v2 
OR4X6                1     5.472      0.329    slow_vdd1v2 
TLATNTSCAX2         32   207.936      5.984    slow_vdd1v2 
TLATX1               1     5.472      0.180    slow_vdd1v2 
XNOR2X1              8    19.152      0.777    slow_vdd1v2 
XNOR2X2              4    12.312      0.530    slow_vdd1v2 
XNOR2X4              1     3.762      0.250    slow_vdd1v2 
XOR2X4               2     8.208      0.501    slow_vdd1v2 
-----------------------------------------------------------
total             1791  7991.343    369.749                


                                                         Leakage  Leakage 
            Type             Instances   Area   Area % Power (nW) Power % 
--------------------------------------------------------------------------
sequential                         832 4768.164   59.7    178.055    48.2 
inverter                            45   63.612    0.8      4.990     1.3 
buffer                               1    1.710    0.0      0.085     0.0 
clock_gating_integrated_cell        32  207.936    2.6      5.984     1.6 
logic                              881 2949.921   36.9    180.635    48.9 
physical_cells                       0    0.000    0.0      0.000     0.0 
--------------------------------------------------------------------------
total                             1791 7991.343  100.0    369.749   100.0 

