============================================================
  Generated by:           Genus(TM) Synthesis Solution 20.10-p001_1
  Generated on:           Jul 14 2025  11:26:02 pm
  Module:                 Top
  Operating conditions:   PVT_1P08V_125C 
  Interconnect mode:      global
  Area mode:              timing library
============================================================

Timing
--------

  Clock   Period 
-----------------
realClock 1020.0 


           Cost             Critical         Violating 
          Group            Path Slack  TNS     Paths   
-------------------------------------------------------
C2C                               0.0   0.0          0 
C2O                          No paths   0.0            
cg_enable_group_realClock       312.4   0.0          0 
default                      No paths   0.0            
I2C                          No paths   0.0            
I2O                          No paths   0.0            
realClock                    No paths   0.0            
-------------------------------------------------------
Total                                   0.0          0 

Instance Count
--------------
Leaf Instance Count             1791 
Physical Instance count            0 
Sequential Instance Count        864 
Combinational Instance Count     927 
Hierarchical Instance Count       32 

Area
----
Cell Area                          7991.343
Physical Cell Area                 0.000
Total Cell Area (Cell+Physical)    7991.343
Net Area                           1965.189
Total Area (Cell+Physical+Net)     9956.532

Runtime                            0.0 seconds
Elapsed Runtime                    162 seconds
Genus peak memory usage            1185.75 
Innovus peak memory usage          no_value 
Hostname                           gama03
