============================================================
  Generated by:           Genus(TM) Synthesis Solution 20.10-p001_1
  Generated on:           Jul 14 2025  10:10:08 pm
  Module:                 Top
  Operating conditions:   PVT_1P08V_125C 
  Interconnect mode:      global
  Area mode:              timing library
============================================================

                                   Leakage  
    Gate     Instances    Area   Power (nW)     Library    
-----------------------------------------------------------
ADDHX1              28   105.336      3.919    slow_vdd1v2 
AND2X1               5     6.840      0.308    slow_vdd1v2 
AO22X1              22    60.192      1.502    slow_vdd1v2 
AOI221X1            12    28.728      1.165    slow_vdd1v2 
AOI221X2            10    44.460      1.985    slow_vdd1v2 
AOI22X1            407   835.164     31.300    slow_vdd1v2 
AOI22X2              2     7.524      0.320    slow_vdd1v2 
AOI32X1              1     2.394      0.082    slow_vdd1v2 
CLKAND2X12           8    60.192      5.229    slow_vdd1v2 
CLKINVX4            12    20.520      1.739    slow_vdd1v2 
CLKXOR2X1            2     5.472      0.191    slow_vdd1v2 
DFFHQX1            800  4377.600    162.705    slow_vdd1v2 
DFFRHQX1             4    24.624      0.888    slow_vdd1v2 
DFFRHQX8            25   282.150     15.616    slow_vdd1v2 
DFFRX1               1     6.840      0.219    slow_vdd1v2 
DFFRX2               1     7.524      0.303    slow_vdd1v2 
INVX1               12     8.208      0.400    slow_vdd1v2 
INVXL                1     0.684      0.016    slow_vdd1v2 
NAND2BX2             4     9.576      0.426    slow_vdd1v2 
NAND2X1              7     7.182      0.312    slow_vdd1v2 
NAND2X2              2     3.420      0.180    slow_vdd1v2 
NAND3X1              2     3.420      0.142    slow_vdd1v2 
NAND4X2             98   368.676     18.878    slow_vdd1v2 
NOR2BX1              3     4.104      0.165    slow_vdd1v2 
NOR2X1              31    31.806      0.990    slow_vdd1v2 
NOR2XL               1     1.026      0.019    slow_vdd1v2 
OA21X1               2     4.104      0.130    slow_vdd1v2 
OA22X1               1     2.394      0.071    slow_vdd1v2 
OAI211X1             5     8.550      0.348    slow_vdd1v2 
OAI221X1             3     7.182      0.250    slow_vdd1v2 
OR2X1               18    24.624      0.940    slow_vdd1v2 
OR3X4                2     6.156      0.426    slow_vdd1v2 
OR4X1                5    10.260      0.286    slow_vdd1v2 
TLATNTSCAX2         32   207.936      5.993    slow_vdd1v2 
TLATX1               1     5.472      0.180    slow_vdd1v2 
XNOR2X1              9    21.546      0.865    slow_vdd1v2 
-----------------------------------------------------------
total             1579  6611.886    258.488                


                                                         Leakage  Leakage 
            Type             Instances   Area   Area % Power (nW) Power % 
--------------------------------------------------------------------------
sequential                         832 4704.210   71.1    179.910    69.6 
inverter                            25   29.412    0.4      2.156     0.8 
clock_gating_integrated_cell        32  207.936    3.1      5.993     2.3 
logic                              690 1670.328   25.3     70.429    27.2 
physical_cells                       0    0.000    0.0      0.000     0.0 
--------------------------------------------------------------------------
total                             1579 6611.886  100.0    258.488   100.0 

