============================================================
  Generated by:           Genus(TM) Synthesis Solution 20.10-p001_1
  Generated on:           Jul 14 2025  10:10:08 pm
  Module:                 Top
  Operating conditions:   PVT_1P08V_125C 
  Interconnect mode:      global
  Area mode:              timing library
============================================================

Timing
--------

  Clock   Period 
-----------------
realClock 1788.0 


           Cost             Critical         Violating 
          Group            Path Slack  TNS     Paths   
-------------------------------------------------------
C2C                               0.5   0.0          0 
C2O                          No paths   0.0            
cg_enable_group_realClock      1108.4   0.0          0 
default                      No paths   0.0            
I2C                          No paths   0.0            
I2O                          No paths   0.0            
realClock                    No paths   0.0            
-------------------------------------------------------
Total                                   0.0          0 

Instance Count
--------------
Leaf Instance Count             1579 
Physical Instance count            0 
Sequential Instance Count        864 
Combinational Instance Count     715 
Hierarchical Instance Count       32 

Area
----
Cell Area                          6611.886
Physical Cell Area                 0.000
Total Cell Area (Cell+Physical)    6611.886
Net Area                           1848.493
Total Area (Cell+Physical+Net)     8460.379

Runtime                            0.0 seconds
Elapsed Runtime                    163 seconds
Genus peak memory usage            1176.23 
Innovus peak memory usage          no_value 
Hostname                           gama03
