============================================================
  Generated by:           Genus(TM) Synthesis Solution 20.10-p001_1
  Generated on:           Jul 14 2025  10:36:38 pm
  Module:                 Top
  Operating conditions:   PVT_1P08V_125C 
  Interconnect mode:      global
  Area mode:              timing library
============================================================

                                   Leakage  
    Gate     Instances    Area   Power (nW)     Library    
-----------------------------------------------------------
ADDHX1              28   105.336      3.919    slow_vdd1v2 
AND2X1               9    12.312      0.555    slow_vdd1v2 
AO22X1              77   210.672      5.373    slow_vdd1v2 
AO22X2             113   347.814     11.785    slow_vdd1v2 
AO22X4              43   161.766      9.528    slow_vdd1v2 
AOI221X4             6    47.196      2.718    slow_vdd1v2 
AOI22X2            109   410.058     17.278    slow_vdd1v2 
AOI22X4             38   233.928     12.014    slow_vdd1v2 
AOI2BB1X4            4    16.416      1.156    slow_vdd1v2 
AOI2BB2X4            2    15.048      0.809    slow_vdd1v2 
CLKAND2X12           5    37.620      3.268    slow_vdd1v2 
CLKAND2X2           36    73.872      3.978    slow_vdd1v2 
CLKAND2X3            7    21.546      1.277    slow_vdd1v2 
CLKAND2X6           16    76.608      6.061    slow_vdd1v2 
CLKINVX20            1     6.498      0.787    slow_vdd1v2 
CLKINVX4             4     6.840      0.578    slow_vdd1v2 
CLKINVX6             3     7.182      0.678    slow_vdd1v2 
CLKXOR2X1            1     2.736      0.089    slow_vdd1v2 
DFFHQX1            728  3983.616    148.029    slow_vdd1v2 
DFFHQX4              1     8.208      0.346    slow_vdd1v2 
DFFQX1              27   156.978      4.220    slow_vdd1v2 
DFFQX2              38   246.924      7.623    slow_vdd1v2 
DFFQXL               6    32.832      0.841    slow_vdd1v2 
DFFRHQX1             4    24.624      0.882    slow_vdd1v2 
DFFRHQX8            25   282.150     15.582    slow_vdd1v2 
DFFRX1               1     6.840      0.218    slow_vdd1v2 
DFFRX2               1     7.524      0.302    slow_vdd1v2 
INVX1                9     6.156      0.298    slow_vdd1v2 
INVX16               2    10.944      1.248    slow_vdd1v2 
INVX2                4     4.104      0.273    slow_vdd1v2 
INVX3                3     4.104      0.327    slow_vdd1v2 
INVX8                2     6.156      0.609    slow_vdd1v2 
INVXL                1     0.684      0.016    slow_vdd1v2 
NAND2BX1             2     2.736      0.107    slow_vdd1v2 
NAND2BX2            60   143.640      5.581    slow_vdd1v2 
NAND2BX4             3    11.286      0.666    slow_vdd1v2 
NAND2X1              2     2.052      0.088    slow_vdd1v2 
NAND2X2             23    39.330      2.309    slow_vdd1v2 
NAND2X4             62   195.077     14.600    slow_vdd1v2 
NAND2X6             15    68.486      5.517    slow_vdd1v2 
NAND2X8              2    10.499      1.021    slow_vdd1v2 
NAND3X4              3    14.364      0.916    slow_vdd1v2 
NAND3X6              1     7.182      0.503    slow_vdd1v2 
NAND4X6              2    17.100      1.307    slow_vdd1v2 
NOR2BX1              5     6.840      0.287    slow_vdd1v2 
NOR2X1              31    31.806      0.990    slow_vdd1v2 
NOR2X2               1     1.710      0.085    slow_vdd1v2 
NOR2X4             127   390.906     34.594    slow_vdd1v2 
NOR2X6              22    90.288      9.069    slow_vdd1v2 
NOR2XL               1     1.026      0.019    slow_vdd1v2 
OAI22X2              3    10.260      0.456    slow_vdd1v2 
OAI22X4              4    25.992      1.149    slow_vdd1v2 
OAI2BB1X2           28    86.184      4.028    slow_vdd1v2 
OAI2BB1X4           37   164.502     11.545    slow_vdd1v2 
OR2X1               19    25.992      0.997    slow_vdd1v2 
OR2X2                1     1.710      0.092    slow_vdd1v2 
OR2X4                3     8.208      0.572    slow_vdd1v2 
OR3X4                2     6.156      0.426    slow_vdd1v2 
OR4X1                5    10.260      0.286    slow_vdd1v2 
TLATNTSCAX2         32   207.936      6.025    slow_vdd1v2 
TLATX1               1     5.472      0.178    slow_vdd1v2 
XNOR2X1             10    23.940      0.961    slow_vdd1v2 
-----------------------------------------------------------
total             1861  8186.232    367.040                


                                                         Leakage  Leakage 
            Type             Instances   Area   Area % Power (nW) Power % 
--------------------------------------------------------------------------
sequential                         832 4755.168   58.1    178.222    48.6 
inverter                            29   52.668    0.6      4.815     1.3 
clock_gating_integrated_cell        32  207.936    2.5      6.025     1.6 
logic                              968 3170.460   38.7    177.978    48.5 
physical_cells                       0    0.000    0.0      0.000     0.0 
--------------------------------------------------------------------------
total                             1861 8186.232  100.0    367.040   100.0 

