============================================================
  Generated by:           Genus(TM) Synthesis Solution 20.10-p001_1
  Generated on:           Jul 14 2025  11:53:31 pm
  Module:                 Top
  Operating conditions:   PVT_1P08V_125C 
  Interconnect mode:      global
  Area mode:              timing library
============================================================

                                   Leakage  
    Gate     Instances    Area   Power (nW)     Library    
-----------------------------------------------------------
ADDHX1              28   105.336      3.919    slow_vdd1v2 
AO22X1               6    16.416      0.417    slow_vdd1v2 
AO22X2               3     9.234      0.311    slow_vdd1v2 
AO22X4              24    90.288      5.316    slow_vdd1v2 
AOI21X4              1     5.130      0.289    slow_vdd1v2 
AOI222X2             1     5.472      0.240    slow_vdd1v2 
AOI222X4             1     9.576      0.501    slow_vdd1v2 
AOI22X1              1     2.052      0.078    slow_vdd1v2 
AOI22X2             17    63.954      2.736    slow_vdd1v2 
AOI22X4            338  2080.728    113.832    slow_vdd1v2 
AOI32X4              1     7.866      0.361    slow_vdd1v2 
CLKAND2X3            2     6.156      0.377    slow_vdd1v2 
CLKAND2X6           51   244.188     19.578    slow_vdd1v2 
CLKINVX6            29    69.426      6.532    slow_vdd1v2 
CLKXOR2X1            1     2.736      0.089    slow_vdd1v2 
CLKXOR2X2            2     6.840      0.265    slow_vdd1v2 
DFFHQX1            527  2883.744    107.188    slow_vdd1v2 
DFFHQX4              5    41.040      1.731    slow_vdd1v2 
DFFQX1              92   534.888     14.384    slow_vdd1v2 
DFFQX2             176  1143.648     35.314    slow_vdd1v2 
DFFRHQX1             3    18.468      0.667    slow_vdd1v2 
DFFRHQX8            25   282.150     15.626    slow_vdd1v2 
DFFRX1               2    13.680      0.438    slow_vdd1v2 
DFFRX2               1     7.524      0.303    slow_vdd1v2 
INVX1                1     0.684      0.032    slow_vdd1v2 
INVX2                2     2.052      0.136    slow_vdd1v2 
INVX8                3     9.234      0.912    slow_vdd1v2 
INVXL                1     0.684      0.016    slow_vdd1v2 
NAND2BX1             2     2.736      0.120    slow_vdd1v2 
NAND2BX2             8    19.152      0.725    slow_vdd1v2 
NAND2BX4             2     7.524      0.449    slow_vdd1v2 
NAND2X2              2     3.420      0.175    slow_vdd1v2 
NAND2X4             81   254.858     22.502    slow_vdd1v2 
NAND2X6            107   488.530     46.170    slow_vdd1v2 
NAND2X8             26   136.492     12.206    slow_vdd1v2 
NAND2XL              1     1.026      0.018    slow_vdd1v2 
NAND3X8              1     8.208      0.825    slow_vdd1v2 
NOR2BX1              3     4.104      0.169    slow_vdd1v2 
NOR2X1              37    37.962      1.377    slow_vdd1v2 
NOR2X4              88   270.864     25.314    slow_vdd1v2 
NOR2X6              35   143.640     13.598    slow_vdd1v2 
NOR2XL               1     1.026      0.019    slow_vdd1v2 
NOR3X6               2    14.364      0.758    slow_vdd1v2 
NOR4X8               1    10.602      0.422    slow_vdd1v2 
OAI2BB1X4            7    31.122      2.257    slow_vdd1v2 
OR2X1               38    51.984      1.974    slow_vdd1v2 
OR2X2                1     1.710      0.092    slow_vdd1v2 
OR2X6                1     3.762      0.347    slow_vdd1v2 
TLATNTSCAX2         32   207.936      5.984    slow_vdd1v2 
TLATX1               1     5.472      0.180    slow_vdd1v2 
XNOR2X2              1     3.078      0.132    slow_vdd1v2 
XOR2X2              22    75.240      2.915    slow_vdd1v2 
-----------------------------------------------------------
total             1844  9448.006    470.315                


                                                         Leakage  Leakage 
            Type             Instances   Area   Area % Power (nW) Power % 
--------------------------------------------------------------------------
sequential                         832 4930.614   52.2    175.832    37.4 
inverter                            36   82.080    0.9      7.629     1.6 
clock_gating_integrated_cell        32  207.936    2.2      5.984     1.3 
logic                              944 4227.376   44.7    280.870    59.7 
physical_cells                       0    0.000    0.0      0.000     0.0 
--------------------------------------------------------------------------
total                             1844 9448.006  100.0    470.315   100.0 

