============================================================
  Generated by:           Genus(TM) Synthesis Solution 20.10-p001_1
  Generated on:           Jul 14 2025  11:02:55 pm
  Module:                 Top
  Operating conditions:   PVT_1P08V_125C 
  Interconnect mode:      global
  Area mode:              timing library
============================================================

                                   Leakage  
    Gate     Instances    Area   Power (nW)     Library    
-----------------------------------------------------------
ADDHX1              28   105.336      3.919    slow_vdd1v2 
AND2X1               1     1.368      0.067    slow_vdd1v2 
AND2X2               1     1.710      0.104    slow_vdd1v2 
AO22X1               5    13.680      0.350    slow_vdd1v2 
AO22X2              19    58.482      1.972    slow_vdd1v2 
AO22X4              12    45.144      2.658    slow_vdd1v2 
AOI222X4             2    19.152      1.001    slow_vdd1v2 
AOI22X1              5    10.260      0.389    slow_vdd1v2 
AOI22X2            356  1339.272     57.387    slow_vdd1v2 
CLKAND2X2          120   246.240     13.614    slow_vdd1v2 
CLKAND2X3           31    95.418      5.860    slow_vdd1v2 
CLKINVX4            18    30.780      2.587    slow_vdd1v2 
CLKINVX6            12    28.728      2.703    slow_vdd1v2 
CLKXOR2X1           10    27.360      1.001    slow_vdd1v2 
CLKXOR2X2            4    13.680      0.548    slow_vdd1v2 
DFFHQX1            779  4262.688    158.389    slow_vdd1v2 
DFFQX1              13    75.582      2.032    slow_vdd1v2 
DFFQX2               8    51.984      1.605    slow_vdd1v2 
DFFRHQX1             3    18.468      0.660    slow_vdd1v2 
DFFRHQX8            25   282.150     15.572    slow_vdd1v2 
DFFRX1               3    20.520      0.653    slow_vdd1v2 
INVX1                4     2.736      0.128    slow_vdd1v2 
INVX2                1     1.026      0.068    slow_vdd1v2 
INVX8                2     6.156      0.608    slow_vdd1v2 
INVXL                1     0.684      0.016    slow_vdd1v2 
MX2X1                1     2.394      0.084    slow_vdd1v2 
NAND2BX1             2     2.736      0.120    slow_vdd1v2 
NAND2BX2             1     2.394      0.102    slow_vdd1v2 
NAND2BX4             2     7.524      0.449    slow_vdd1v2 
NAND2X1              1     1.026      0.043    slow_vdd1v2 
NAND2X2             15    25.650      1.823    slow_vdd1v2 
NAND2X4             69   217.102     18.570    slow_vdd1v2 
NAND2X6              3    13.697      1.142    slow_vdd1v2 
NAND3X4              8    38.304      3.023    slow_vdd1v2 
NAND3X6              1     7.182      0.621    slow_vdd1v2 
NAND4X4             12    82.080      5.430    slow_vdd1v2 
NAND4X6              1     8.550      0.828    slow_vdd1v2 
NOR2BX1              1     1.368      0.044    slow_vdd1v2 
NOR2X1              34    34.884      1.268    slow_vdd1v2 
NOR2X2               3     5.130      0.285    slow_vdd1v2 
NOR2X4              23    70.794      6.644    slow_vdd1v2 
NOR3X4               1     5.130      0.375    slow_vdd1v2 
NOR3X6               1     7.182      0.293    slow_vdd1v2 
NOR4X2               1     3.420      0.214    slow_vdd1v2 
NOR4X4              15    97.470      6.837    slow_vdd1v2 
NOR4X6               6    49.248      3.777    slow_vdd1v2 
OA21X1               1     2.052      0.064    slow_vdd1v2 
OR2X1               38    51.984      1.974    slow_vdd1v2 
OR2X2                1     1.710      0.092    slow_vdd1v2 
OR2X6                1     3.762      0.347    slow_vdd1v2 
OR3X1                1     2.052      0.051    slow_vdd1v2 
OR4X1                1     2.052      0.058    slow_vdd1v2 
TLATNTSCAX2         32   207.936      6.034    slow_vdd1v2 
TLATX1               1     5.472      0.177    slow_vdd1v2 
XNOR2X1              4     9.576      0.388    slow_vdd1v2 
XNOR2X2              4    12.312      0.530    slow_vdd1v2 
XOR2X4               4    16.416      1.001    slow_vdd1v2 
-----------------------------------------------------------
total             1752  7757.193    336.580                


                                                         Leakage  Leakage 
            Type             Instances   Area   Area % Power (nW) Power % 
--------------------------------------------------------------------------
sequential                         832 4716.864   60.8    179.088    53.2 
inverter                            38   70.110    0.9      6.110     1.8 
clock_gating_integrated_cell        32  207.936    2.7      6.034     1.8 
logic                              850 2762.283   35.6    145.347    43.2 
physical_cells                       0    0.000    0.0      0.000     0.0 
--------------------------------------------------------------------------
total                             1752 7757.193  100.0    336.580   100.0 

