============================================================
  Generated by:           Genus(TM) Synthesis Solution 20.10-p001_1
  Generated on:           Jul 14 2025  11:02:55 pm
  Module:                 Top
  Operating conditions:   PVT_1P08V_125C 
  Interconnect mode:      global
  Area mode:              timing library
============================================================


Path 1: MET (0 ps) Setup Check with Pin Mem_MemInst_stage_reg[0]/CK->D
          Group: C2C
     Startpoint: (R) Mem_MemInst_tagArray_reg[124][22]/CK
          Clock: (R) realClock
       Endpoint: (F) Mem_MemInst_stage_reg[0]/D
          Clock: (R) realClock

                     Capture       Launch     
        Clock Edge:+    1200            0     
       Src Latency:+       0            0     
       Net Latency:+       0 (I)        0 (I) 
           Arrival:=    1200            0     
                                              
             Setup:-      60                  
     Required Time:=    1140                  
      Launch Clock:-       0                  
         Data Path:-    1140                  
             Slack:=       0                  

#-------------------------------------------------------------------------------------------------------------
#            Timing Point              Flags   Arc   Edge   Cell     Fanout Load Trans Delay Arrival Instance 
#                                                                           (fF)  (ps)  (ps)   (ps)  Location 
#-------------------------------------------------------------------------------------------------------------
  Mem_MemInst_tagArray_reg[124][22]/CK -       -     R     (arrival)     25    -     0     0       0    (-,-) 
  Mem_MemInst_tagArray_reg[124][22]/Q  -       CK->Q F     DFFHQX1        1  4.1    66   141     141    (-,-) 
  g116079__1666/Y                      -       A0->Y F     AO22X2         1  5.5    60   149     290    (-,-) 
  g115866__3680/Y                      -       A->Y  R     NOR2X4         1  5.7    58    58     348    (-,-) 
  g115764__7482/Y                      -       A->Y  F     NAND2X4        1  5.5    64    66     414    (-,-) 
  g115750__4319/Y                      -       A->Y  R     NOR4X4         1  4.6   110   118     532    (-,-) 
  g115723__8428/Y                      -       B->Y  R     XOR2X4         1  5.7    51   136     668    (-,-) 
  g115696__3680/Y                      -       B->Y  F     NAND4X4        1  4.1   131   122     790    (-,-) 
  g115690__5107/Y                      -       B->Y  F     OR3X1          1  4.7    82   173     962    (-,-) 
  g115688__5477/Y                      -       B->Y  R     NOR2X2         2  6.3   103    90    1052    (-,-) 
  g115686__7410/Y                      -       B->Y  F     NOR2X1         1  4.1    84    88    1140    (-,-) 
  Mem_MemInst_stage_reg[0]/D           -       -     F     DFFRX1         1    -     -     0    1140    (-,-) 
#-------------------------------------------------------------------------------------------------------------



Path 2: MET (558 ps) Clock Gating Setup Check at cgic pin Mem_MemInst_RC_CG_HIER_INST29/RC_CGIC_INST/E
          Group: cg_enable_group_realClock
     Startpoint: (R) Mem_MemInst_stage_reg[0]/CK
          Clock: (R) realClock
       Endpoint: (R) Mem_MemInst_RC_CG_HIER_INST29/RC_CGIC_INST/E
          Clock: (R) realClock

                     Capture       Launch     
        Clock Edge:+    1200            0     
       Src Latency:+       0            0     
       Net Latency:+       0 (I)        0 (I) 
           Arrival:=    1200            0     
                                              
  Gate Check Setup:-      96                  
     Required Time:=    1104                  
      Launch Clock:-       0                  
         Data Path:-     546                  
             Slack:=     558                  

#------------------------------------------------------------------------------------------------------------------------
#                Timing Point                  Flags    Arc   Edge    Cell      Fanout Load Trans Delay Arrival Instance 
#                                                                                      (fF)  (ps)  (ps)   (ps)  Location 
#------------------------------------------------------------------------------------------------------------------------
  Mem_MemInst_stage_reg[0]/CK                  -       -      R     (arrival)       34    -     0     0       0    (-,-) 
  Mem_MemInst_stage_reg[0]/QN                  -       CK->QN F     DFFRX1           1  4.7    76   192     192    (-,-) 
  g105953__9945/Y                              -       B->Y   F     OR2X6           32 74.9   211   194     386    (-,-) 
  g105098__6417/Y                              -       A->Y   R     NOR2X1           1  4.1   134   160     546    (-,-) 
  Mem_MemInst_RC_CG_HIER_INST29/RC_CGIC_INST/E -       -      R     TLATNTSCAX2      1    -     -     0     546    (-,-) 
#------------------------------------------------------------------------------------------------------------------------



Path 3: MET (558 ps) Clock Gating Setup Check at cgic pin Mem_MemInst_RC_CG_HIER_INST12/RC_CGIC_INST/E
          Group: cg_enable_group_realClock
     Startpoint: (R) Mem_MemInst_stage_reg[0]/CK
          Clock: (R) realClock
       Endpoint: (R) Mem_MemInst_RC_CG_HIER_INST12/RC_CGIC_INST/E
          Clock: (R) realClock

                     Capture       Launch     
        Clock Edge:+    1200            0     
       Src Latency:+       0            0     
       Net Latency:+       0 (I)        0 (I) 
           Arrival:=    1200            0     
                                              
  Gate Check Setup:-      96                  
     Required Time:=    1104                  
      Launch Clock:-       0                  
         Data Path:-     546                  
             Slack:=     558                  

#------------------------------------------------------------------------------------------------------------------------
#                Timing Point                  Flags    Arc   Edge    Cell      Fanout Load Trans Delay Arrival Instance 
#                                                                                      (fF)  (ps)  (ps)   (ps)  Location 
#------------------------------------------------------------------------------------------------------------------------
  Mem_MemInst_stage_reg[0]/CK                  -       -      R     (arrival)       34    -     0     0       0    (-,-) 
  Mem_MemInst_stage_reg[0]/QN                  -       CK->QN F     DFFRX1           1  4.7    76   192     192    (-,-) 
  g105953__9945/Y                              -       B->Y   F     OR2X6           32 74.9   211   194     386    (-,-) 
  g105094__2883/Y                              -       A->Y   R     NOR2X1           1  4.1   134   160     546    (-,-) 
  Mem_MemInst_RC_CG_HIER_INST12/RC_CGIC_INST/E -       -      R     TLATNTSCAX2      1    -     -     0     546    (-,-) 
#------------------------------------------------------------------------------------------------------------------------



Path 4: MET (558 ps) Clock Gating Setup Check at cgic pin Mem_MemInst_RC_CG_HIER_INST31/RC_CGIC_INST/E
          Group: cg_enable_group_realClock
     Startpoint: (R) Mem_MemInst_stage_reg[0]/CK
          Clock: (R) realClock
       Endpoint: (R) Mem_MemInst_RC_CG_HIER_INST31/RC_CGIC_INST/E
          Clock: (R) realClock

                     Capture       Launch     
        Clock Edge:+    1200            0     
       Src Latency:+       0            0     
       Net Latency:+       0 (I)        0 (I) 
           Arrival:=    1200            0     
                                              
  Gate Check Setup:-      96                  
     Required Time:=    1104                  
      Launch Clock:-       0                  
         Data Path:-     546                  
             Slack:=     558                  

#------------------------------------------------------------------------------------------------------------------------
#                Timing Point                  Flags    Arc   Edge    Cell      Fanout Load Trans Delay Arrival Instance 
#                                                                                      (fF)  (ps)  (ps)   (ps)  Location 
#------------------------------------------------------------------------------------------------------------------------
  Mem_MemInst_stage_reg[0]/CK                  -       -      R     (arrival)       34    -     0     0       0    (-,-) 
  Mem_MemInst_stage_reg[0]/QN                  -       CK->QN F     DFFRX1           1  4.7    76   192     192    (-,-) 
  g105953__9945/Y                              -       B->Y   F     OR2X6           32 74.9   211   194     386    (-,-) 
  g105088__5115/Y                              -       A->Y   R     NOR2X1           1  4.1   133   160     546    (-,-) 
  Mem_MemInst_RC_CG_HIER_INST31/RC_CGIC_INST/E -       -      R     TLATNTSCAX2      1    -     -     0     546    (-,-) 
#------------------------------------------------------------------------------------------------------------------------



Path 5: MET (558 ps) Clock Gating Setup Check at cgic pin Mem_MemInst_RC_CG_HIER_INST30/RC_CGIC_INST/E
          Group: cg_enable_group_realClock
     Startpoint: (R) Mem_MemInst_stage_reg[0]/CK
          Clock: (R) realClock
       Endpoint: (R) Mem_MemInst_RC_CG_HIER_INST30/RC_CGIC_INST/E
          Clock: (R) realClock

                     Capture       Launch     
        Clock Edge:+    1200            0     
       Src Latency:+       0            0     
       Net Latency:+       0 (I)        0 (I) 
           Arrival:=    1200            0     
                                              
  Gate Check Setup:-      96                  
     Required Time:=    1104                  
      Launch Clock:-       0                  
         Data Path:-     546                  
             Slack:=     558                  

#------------------------------------------------------------------------------------------------------------------------
#                Timing Point                  Flags    Arc   Edge    Cell      Fanout Load Trans Delay Arrival Instance 
#                                                                                      (fF)  (ps)  (ps)   (ps)  Location 
#------------------------------------------------------------------------------------------------------------------------
  Mem_MemInst_stage_reg[0]/CK                  -       -      R     (arrival)       34    -     0     0       0    (-,-) 
  Mem_MemInst_stage_reg[0]/QN                  -       CK->QN F     DFFRX1           1  4.7    76   192     192    (-,-) 
  g105953__9945/Y                              -       B->Y   F     OR2X6           32 74.9   211   194     386    (-,-) 
  g105101__5107/Y                              -       A->Y   R     NOR2X1           1  4.1   133   160     546    (-,-) 
  Mem_MemInst_RC_CG_HIER_INST30/RC_CGIC_INST/E -       -      R     TLATNTSCAX2      1    -     -     0     546    (-,-) 
#------------------------------------------------------------------------------------------------------------------------



Path 6: MET (558 ps) Clock Gating Setup Check at cgic pin Mem_MemInst_RC_CG_HIER_INST28/RC_CGIC_INST/E
          Group: cg_enable_group_realClock
     Startpoint: (R) Mem_MemInst_stage_reg[0]/CK
          Clock: (R) realClock
       Endpoint: (R) Mem_MemInst_RC_CG_HIER_INST28/RC_CGIC_INST/E
          Clock: (R) realClock

                     Capture       Launch     
        Clock Edge:+    1200            0     
       Src Latency:+       0            0     
       Net Latency:+       0 (I)        0 (I) 
           Arrival:=    1200            0     
                                              
  Gate Check Setup:-      96                  
     Required Time:=    1104                  
      Launch Clock:-       0                  
         Data Path:-     546                  
             Slack:=     558                  

#------------------------------------------------------------------------------------------------------------------------
#                Timing Point                  Flags    Arc   Edge    Cell      Fanout Load Trans Delay Arrival Instance 
#                                                                                      (fF)  (ps)  (ps)   (ps)  Location 
#------------------------------------------------------------------------------------------------------------------------
  Mem_MemInst_stage_reg[0]/CK                  -       -      R     (arrival)       34    -     0     0       0    (-,-) 
  Mem_MemInst_stage_reg[0]/QN                  -       CK->QN F     DFFRX1           1  4.7    76   192     192    (-,-) 
  g105953__9945/Y                              -       B->Y   F     OR2X6           32 74.9   211   194     386    (-,-) 
  g105090__4733/Y                              -       A->Y   R     NOR2X1           1  4.1   133   160     546    (-,-) 
  Mem_MemInst_RC_CG_HIER_INST28/RC_CGIC_INST/E -       -      R     TLATNTSCAX2      1    -     -     0     546    (-,-) 
#------------------------------------------------------------------------------------------------------------------------



Path 7: MET (558 ps) Clock Gating Setup Check at cgic pin Mem_MemInst_RC_CG_HIER_INST24/RC_CGIC_INST/E
          Group: cg_enable_group_realClock
     Startpoint: (R) Mem_MemInst_stage_reg[0]/CK
          Clock: (R) realClock
       Endpoint: (R) Mem_MemInst_RC_CG_HIER_INST24/RC_CGIC_INST/E
          Clock: (R) realClock

                     Capture       Launch     
        Clock Edge:+    1200            0     
       Src Latency:+       0            0     
       Net Latency:+       0 (I)        0 (I) 
           Arrival:=    1200            0     
                                              
  Gate Check Setup:-      96                  
     Required Time:=    1104                  
      Launch Clock:-       0                  
         Data Path:-     546                  
             Slack:=     558                  

#------------------------------------------------------------------------------------------------------------------------
#                Timing Point                  Flags    Arc   Edge    Cell      Fanout Load Trans Delay Arrival Instance 
#                                                                                      (fF)  (ps)  (ps)   (ps)  Location 
#------------------------------------------------------------------------------------------------------------------------
  Mem_MemInst_stage_reg[0]/CK                  -       -      R     (arrival)       34    -     0     0       0    (-,-) 
  Mem_MemInst_stage_reg[0]/QN                  -       CK->QN F     DFFRX1           1  4.7    76   192     192    (-,-) 
  g105953__9945/Y                              -       B->Y   F     OR2X6           32 74.9   211   194     386    (-,-) 
  g105078__6783/Y                              -       A->Y   R     NOR2X1           1  4.1   133   160     546    (-,-) 
  Mem_MemInst_RC_CG_HIER_INST24/RC_CGIC_INST/E -       -      R     TLATNTSCAX2      1    -     -     0     546    (-,-) 
#------------------------------------------------------------------------------------------------------------------------



Path 8: MET (558 ps) Clock Gating Setup Check at cgic pin Mem_MemInst_RC_CG_HIER_INST23/RC_CGIC_INST/E
          Group: cg_enable_group_realClock
     Startpoint: (R) Mem_MemInst_stage_reg[0]/CK
          Clock: (R) realClock
       Endpoint: (R) Mem_MemInst_RC_CG_HIER_INST23/RC_CGIC_INST/E
          Clock: (R) realClock

                     Capture       Launch     
        Clock Edge:+    1200            0     
       Src Latency:+       0            0     
       Net Latency:+       0 (I)        0 (I) 
           Arrival:=    1200            0     
                                              
  Gate Check Setup:-      96                  
     Required Time:=    1104                  
      Launch Clock:-       0                  
         Data Path:-     546                  
             Slack:=     558                  

#------------------------------------------------------------------------------------------------------------------------
#                Timing Point                  Flags    Arc   Edge    Cell      Fanout Load Trans Delay Arrival Instance 
#                                                                                      (fF)  (ps)  (ps)   (ps)  Location 
#------------------------------------------------------------------------------------------------------------------------
  Mem_MemInst_stage_reg[0]/CK                  -       -      R     (arrival)       34    -     0     0       0    (-,-) 
  Mem_MemInst_stage_reg[0]/QN                  -       CK->QN F     DFFRX1           1  4.7    76   192     192    (-,-) 
  g105953__9945/Y                              -       B->Y   F     OR2X6           32 74.9   211   194     386    (-,-) 
  g105072__2398/Y                              -       A->Y   R     NOR2X1           1  4.1   133   160     546    (-,-) 
  Mem_MemInst_RC_CG_HIER_INST23/RC_CGIC_INST/E -       -      R     TLATNTSCAX2      1    -     -     0     546    (-,-) 
#------------------------------------------------------------------------------------------------------------------------



Path 9: MET (558 ps) Clock Gating Setup Check at cgic pin Mem_MemInst_RC_CG_HIER_INST21/RC_CGIC_INST/E
          Group: cg_enable_group_realClock
     Startpoint: (R) Mem_MemInst_stage_reg[0]/CK
          Clock: (R) realClock
       Endpoint: (R) Mem_MemInst_RC_CG_HIER_INST21/RC_CGIC_INST/E
          Clock: (R) realClock

                     Capture       Launch     
        Clock Edge:+    1200            0     
       Src Latency:+       0            0     
       Net Latency:+       0 (I)        0 (I) 
           Arrival:=    1200            0     
                                              
  Gate Check Setup:-      96                  
     Required Time:=    1104                  
      Launch Clock:-       0                  
         Data Path:-     546                  
             Slack:=     558                  

#------------------------------------------------------------------------------------------------------------------------
#                Timing Point                  Flags    Arc   Edge    Cell      Fanout Load Trans Delay Arrival Instance 
#                                                                                      (fF)  (ps)  (ps)   (ps)  Location 
#------------------------------------------------------------------------------------------------------------------------
  Mem_MemInst_stage_reg[0]/CK                  -       -      R     (arrival)       34    -     0     0       0    (-,-) 
  Mem_MemInst_stage_reg[0]/QN                  -       CK->QN F     DFFRX1           1  4.7    76   192     192    (-,-) 
  g105953__9945/Y                              -       B->Y   F     OR2X6           32 74.9   211   194     386    (-,-) 
  g105095__2346/Y                              -       A->Y   R     NOR2X1           1  4.1   133   160     546    (-,-) 
  Mem_MemInst_RC_CG_HIER_INST21/RC_CGIC_INST/E -       -      R     TLATNTSCAX2      1    -     -     0     546    (-,-) 
#------------------------------------------------------------------------------------------------------------------------



Path 10: MET (558 ps) Clock Gating Setup Check at cgic pin Mem_MemInst_RC_CG_HIER_INST20/RC_CGIC_INST/E
          Group: cg_enable_group_realClock
     Startpoint: (R) Mem_MemInst_stage_reg[0]/CK
          Clock: (R) realClock
       Endpoint: (R) Mem_MemInst_RC_CG_HIER_INST20/RC_CGIC_INST/E
          Clock: (R) realClock

                     Capture       Launch     
        Clock Edge:+    1200            0     
       Src Latency:+       0            0     
       Net Latency:+       0 (I)        0 (I) 
           Arrival:=    1200            0     
                                              
  Gate Check Setup:-      96                  
     Required Time:=    1104                  
      Launch Clock:-       0                  
         Data Path:-     546                  
             Slack:=     558                  

#------------------------------------------------------------------------------------------------------------------------
#                Timing Point                  Flags    Arc   Edge    Cell      Fanout Load Trans Delay Arrival Instance 
#                                                                                      (fF)  (ps)  (ps)   (ps)  Location 
#------------------------------------------------------------------------------------------------------------------------
  Mem_MemInst_stage_reg[0]/CK                  -       -      R     (arrival)       34    -     0     0       0    (-,-) 
  Mem_MemInst_stage_reg[0]/QN                  -       CK->QN F     DFFRX1           1  4.7    76   192     192    (-,-) 
  g105953__9945/Y                              -       B->Y   F     OR2X6           32 74.9   211   194     386    (-,-) 
  g105091__6161/Y                              -       A->Y   R     NOR2X1           1  4.1   133   160     546    (-,-) 
  Mem_MemInst_RC_CG_HIER_INST20/RC_CGIC_INST/E -       -      R     TLATNTSCAX2      1    -     -     0     546    (-,-) 
#------------------------------------------------------------------------------------------------------------------------



Path 11: MET (558 ps) Clock Gating Setup Check at cgic pin Mem_MemInst_RC_CG_HIER_INST16/RC_CGIC_INST/E
          Group: cg_enable_group_realClock
     Startpoint: (R) Mem_MemInst_stage_reg[0]/CK
          Clock: (R) realClock
       Endpoint: (R) Mem_MemInst_RC_CG_HIER_INST16/RC_CGIC_INST/E
          Clock: (R) realClock

                     Capture       Launch     
        Clock Edge:+    1200            0     
       Src Latency:+       0            0     
       Net Latency:+       0 (I)        0 (I) 
           Arrival:=    1200            0     
                                              
  Gate Check Setup:-      96                  
     Required Time:=    1104                  
      Launch Clock:-       0                  
         Data Path:-     546                  
             Slack:=     558                  

#------------------------------------------------------------------------------------------------------------------------
#                Timing Point                  Flags    Arc   Edge    Cell      Fanout Load Trans Delay Arrival Instance 
#                                                                                      (fF)  (ps)  (ps)   (ps)  Location 
#------------------------------------------------------------------------------------------------------------------------
  Mem_MemInst_stage_reg[0]/CK                  -       -      R     (arrival)       34    -     0     0       0    (-,-) 
  Mem_MemInst_stage_reg[0]/QN                  -       CK->QN F     DFFRX1           1  4.7    76   192     192    (-,-) 
  g105953__9945/Y                              -       B->Y   F     OR2X6           32 74.9   211   194     386    (-,-) 
  g105086__6131/Y                              -       A->Y   R     NOR2X1           1  4.1   133   160     546    (-,-) 
  Mem_MemInst_RC_CG_HIER_INST16/RC_CGIC_INST/E -       -      R     TLATNTSCAX2      1    -     -     0     546    (-,-) 
#------------------------------------------------------------------------------------------------------------------------



Path 12: MET (558 ps) Clock Gating Setup Check at cgic pin Mem_MemInst_RC_CG_HIER_INST15/RC_CGIC_INST/E
          Group: cg_enable_group_realClock
     Startpoint: (R) Mem_MemInst_stage_reg[0]/CK
          Clock: (R) realClock
       Endpoint: (R) Mem_MemInst_RC_CG_HIER_INST15/RC_CGIC_INST/E
          Clock: (R) realClock

                     Capture       Launch     
        Clock Edge:+    1200            0     
       Src Latency:+       0            0     
       Net Latency:+       0 (I)        0 (I) 
           Arrival:=    1200            0     
                                              
  Gate Check Setup:-      96                  
     Required Time:=    1104                  
      Launch Clock:-       0                  
         Data Path:-     546                  
             Slack:=     558                  

#------------------------------------------------------------------------------------------------------------------------
#                Timing Point                  Flags    Arc   Edge    Cell      Fanout Load Trans Delay Arrival Instance 
#                                                                                      (fF)  (ps)  (ps)   (ps)  Location 
#------------------------------------------------------------------------------------------------------------------------
  Mem_MemInst_stage_reg[0]/CK                  -       -      R     (arrival)       34    -     0     0       0    (-,-) 
  Mem_MemInst_stage_reg[0]/QN                  -       CK->QN F     DFFRX1           1  4.7    76   192     192    (-,-) 
  g105953__9945/Y                              -       B->Y   F     OR2X6           32 74.9   211   194     386    (-,-) 
  g105089__7482/Y                              -       A->Y   R     NOR2X1           1  4.1   133   160     546    (-,-) 
  Mem_MemInst_RC_CG_HIER_INST15/RC_CGIC_INST/E -       -      R     TLATNTSCAX2      1    -     -     0     546    (-,-) 
#------------------------------------------------------------------------------------------------------------------------



Path 13: MET (558 ps) Clock Gating Setup Check at cgic pin Mem_MemInst_RC_CG_HIER_INST14/RC_CGIC_INST/E
          Group: cg_enable_group_realClock
     Startpoint: (R) Mem_MemInst_stage_reg[0]/CK
          Clock: (R) realClock
       Endpoint: (R) Mem_MemInst_RC_CG_HIER_INST14/RC_CGIC_INST/E
          Clock: (R) realClock

                     Capture       Launch     
        Clock Edge:+    1200            0     
       Src Latency:+       0            0     
       Net Latency:+       0 (I)        0 (I) 
           Arrival:=    1200            0     
                                              
  Gate Check Setup:-      96                  
     Required Time:=    1104                  
      Launch Clock:-       0                  
         Data Path:-     546                  
             Slack:=     558                  

#------------------------------------------------------------------------------------------------------------------------
#                Timing Point                  Flags    Arc   Edge    Cell      Fanout Load Trans Delay Arrival Instance 
#                                                                                      (fF)  (ps)  (ps)   (ps)  Location 
#------------------------------------------------------------------------------------------------------------------------
  Mem_MemInst_stage_reg[0]/CK                  -       -      R     (arrival)       34    -     0     0       0    (-,-) 
  Mem_MemInst_stage_reg[0]/QN                  -       CK->QN F     DFFRX1           1  4.7    76   192     192    (-,-) 
  g105953__9945/Y                              -       B->Y   F     OR2X6           32 74.9   211   194     386    (-,-) 
  g105076__8428/Y                              -       A->Y   R     NOR2X1           1  4.1   133   160     546    (-,-) 
  Mem_MemInst_RC_CG_HIER_INST14/RC_CGIC_INST/E -       -      R     TLATNTSCAX2      1    -     -     0     546    (-,-) 
#------------------------------------------------------------------------------------------------------------------------



Path 14: MET (558 ps) Clock Gating Setup Check at cgic pin Mem_MemInst_RC_CG_HIER_INST13/RC_CGIC_INST/E
          Group: cg_enable_group_realClock
     Startpoint: (R) Mem_MemInst_stage_reg[0]/CK
          Clock: (R) realClock
       Endpoint: (R) Mem_MemInst_RC_CG_HIER_INST13/RC_CGIC_INST/E
          Clock: (R) realClock

                     Capture       Launch     
        Clock Edge:+    1200            0     
       Src Latency:+       0            0     
       Net Latency:+       0 (I)        0 (I) 
           Arrival:=    1200            0     
                                              
  Gate Check Setup:-      96                  
     Required Time:=    1104                  
      Launch Clock:-       0                  
         Data Path:-     546                  
             Slack:=     558                  

#------------------------------------------------------------------------------------------------------------------------
#                Timing Point                  Flags    Arc   Edge    Cell      Fanout Load Trans Delay Arrival Instance 
#                                                                                      (fF)  (ps)  (ps)   (ps)  Location 
#------------------------------------------------------------------------------------------------------------------------
  Mem_MemInst_stage_reg[0]/CK                  -       -      R     (arrival)       34    -     0     0       0    (-,-) 
  Mem_MemInst_stage_reg[0]/QN                  -       CK->QN F     DFFRX1           1  4.7    76   192     192    (-,-) 
  g105953__9945/Y                              -       B->Y   F     OR2X6           32 74.9   211   194     386    (-,-) 
  g105092__9315/Y                              -       A->Y   R     NOR2X1           1  4.1   133   160     546    (-,-) 
  Mem_MemInst_RC_CG_HIER_INST13/RC_CGIC_INST/E -       -      R     TLATNTSCAX2      1    -     -     0     546    (-,-) 
#------------------------------------------------------------------------------------------------------------------------



Path 15: MET (558 ps) Clock Gating Setup Check at cgic pin Mem_MemInst_RC_CG_HIER_INST0/RC_CGIC_INST/E
          Group: cg_enable_group_realClock
     Startpoint: (R) Mem_MemInst_stage_reg[0]/CK
          Clock: (R) realClock
       Endpoint: (R) Mem_MemInst_RC_CG_HIER_INST0/RC_CGIC_INST/E
          Clock: (R) realClock

                     Capture       Launch     
        Clock Edge:+    1200            0     
       Src Latency:+       0            0     
       Net Latency:+       0 (I)        0 (I) 
           Arrival:=    1200            0     
                                              
  Gate Check Setup:-      96                  
     Required Time:=    1104                  
      Launch Clock:-       0                  
         Data Path:-     546                  
             Slack:=     558                  

#-----------------------------------------------------------------------------------------------------------------------
#                Timing Point                 Flags    Arc   Edge    Cell      Fanout Load Trans Delay Arrival Instance 
#                                                                                     (fF)  (ps)  (ps)   (ps)  Location 
#-----------------------------------------------------------------------------------------------------------------------
  Mem_MemInst_stage_reg[0]/CK                 -       -      R     (arrival)       34    -     0     0       0    (-,-) 
  Mem_MemInst_stage_reg[0]/QN                 -       CK->QN F     DFFRX1           1  4.7    76   192     192    (-,-) 
  g105953__9945/Y                             -       B->Y   F     OR2X6           32 74.9   211   194     386    (-,-) 
  g105096__1666/Y                             -       A->Y   R     NOR2X1           1  4.1   133   160     546    (-,-) 
  Mem_MemInst_RC_CG_HIER_INST0/RC_CGIC_INST/E -       -      R     TLATNTSCAX2      1    -     -     0     546    (-,-) 
#-----------------------------------------------------------------------------------------------------------------------



Path 16: MET (558 ps) Clock Gating Setup Check at cgic pin Mem_MemInst_RC_CG_HIER_INST27/RC_CGIC_INST/E
          Group: cg_enable_group_realClock
     Startpoint: (R) Mem_MemInst_stage_reg[0]/CK
          Clock: (R) realClock
       Endpoint: (R) Mem_MemInst_RC_CG_HIER_INST27/RC_CGIC_INST/E
          Clock: (R) realClock

                     Capture       Launch     
        Clock Edge:+    1200            0     
       Src Latency:+       0            0     
       Net Latency:+       0 (I)        0 (I) 
           Arrival:=    1200            0     
                                              
  Gate Check Setup:-      96                  
     Required Time:=    1104                  
      Launch Clock:-       0                  
         Data Path:-     546                  
             Slack:=     558                  

#------------------------------------------------------------------------------------------------------------------------
#                Timing Point                  Flags    Arc   Edge    Cell      Fanout Load Trans Delay Arrival Instance 
#                                                                                      (fF)  (ps)  (ps)   (ps)  Location 
#------------------------------------------------------------------------------------------------------------------------
  Mem_MemInst_stage_reg[0]/CK                  -       -      R     (arrival)       34    -     0     0       0    (-,-) 
  Mem_MemInst_stage_reg[0]/QN                  -       CK->QN F     DFFRX1           1  4.7    76   192     192    (-,-) 
  g105953__9945/Y                              -       B->Y   F     OR2X6           32 74.9   211   194     386    (-,-) 
  g105085__7098/Y                              -       A->Y   R     NOR2X1           1  4.1   132   160     546    (-,-) 
  Mem_MemInst_RC_CG_HIER_INST27/RC_CGIC_INST/E -       -      R     TLATNTSCAX2      1    -     -     0     546    (-,-) 
#------------------------------------------------------------------------------------------------------------------------



Path 17: MET (558 ps) Clock Gating Setup Check at cgic pin Mem_MemInst_RC_CG_HIER_INST26/RC_CGIC_INST/E
          Group: cg_enable_group_realClock
     Startpoint: (R) Mem_MemInst_stage_reg[0]/CK
          Clock: (R) realClock
       Endpoint: (R) Mem_MemInst_RC_CG_HIER_INST26/RC_CGIC_INST/E
          Clock: (R) realClock

                     Capture       Launch     
        Clock Edge:+    1200            0     
       Src Latency:+       0            0     
       Net Latency:+       0 (I)        0 (I) 
           Arrival:=    1200            0     
                                              
  Gate Check Setup:-      96                  
     Required Time:=    1104                  
      Launch Clock:-       0                  
         Data Path:-     546                  
             Slack:=     558                  

#------------------------------------------------------------------------------------------------------------------------
#                Timing Point                  Flags    Arc   Edge    Cell      Fanout Load Trans Delay Arrival Instance 
#                                                                                      (fF)  (ps)  (ps)   (ps)  Location 
#------------------------------------------------------------------------------------------------------------------------
  Mem_MemInst_stage_reg[0]/CK                  -       -      R     (arrival)       34    -     0     0       0    (-,-) 
  Mem_MemInst_stage_reg[0]/QN                  -       CK->QN F     DFFRX1           1  4.7    76   192     192    (-,-) 
  g105953__9945/Y                              -       B->Y   F     OR2X6           32 74.9   211   194     386    (-,-) 
  g105087__1881/Y                              -       A->Y   R     NOR2X1           1  4.1   132   160     546    (-,-) 
  Mem_MemInst_RC_CG_HIER_INST26/RC_CGIC_INST/E -       -      R     TLATNTSCAX2      1    -     -     0     546    (-,-) 
#------------------------------------------------------------------------------------------------------------------------



Path 18: MET (558 ps) Clock Gating Setup Check at cgic pin Mem_MemInst_RC_CG_HIER_INST25/RC_CGIC_INST/E
          Group: cg_enable_group_realClock
     Startpoint: (R) Mem_MemInst_stage_reg[0]/CK
          Clock: (R) realClock
       Endpoint: (R) Mem_MemInst_RC_CG_HIER_INST25/RC_CGIC_INST/E
          Clock: (R) realClock

                     Capture       Launch     
        Clock Edge:+    1200            0     
       Src Latency:+       0            0     
       Net Latency:+       0 (I)        0 (I) 
           Arrival:=    1200            0     
                                              
  Gate Check Setup:-      96                  
     Required Time:=    1104                  
      Launch Clock:-       0                  
         Data Path:-     546                  
             Slack:=     558                  

#------------------------------------------------------------------------------------------------------------------------
#                Timing Point                  Flags    Arc   Edge    Cell      Fanout Load Trans Delay Arrival Instance 
#                                                                                      (fF)  (ps)  (ps)   (ps)  Location 
#------------------------------------------------------------------------------------------------------------------------
  Mem_MemInst_stage_reg[0]/CK                  -       -      R     (arrival)       34    -     0     0       0    (-,-) 
  Mem_MemInst_stage_reg[0]/QN                  -       CK->QN F     DFFRX1           1  4.7    76   192     192    (-,-) 
  g105953__9945/Y                              -       B->Y   F     OR2X6           32 74.9   211   194     386    (-,-) 
  g105073__5107/Y                              -       A->Y   R     NOR2X1           1  4.1   132   160     546    (-,-) 
  Mem_MemInst_RC_CG_HIER_INST25/RC_CGIC_INST/E -       -      R     TLATNTSCAX2      1    -     -     0     546    (-,-) 
#------------------------------------------------------------------------------------------------------------------------



Path 19: MET (558 ps) Clock Gating Setup Check at cgic pin Mem_MemInst_RC_CG_HIER_INST22/RC_CGIC_INST/E
          Group: cg_enable_group_realClock
     Startpoint: (R) Mem_MemInst_stage_reg[0]/CK
          Clock: (R) realClock
       Endpoint: (R) Mem_MemInst_RC_CG_HIER_INST22/RC_CGIC_INST/E
          Clock: (R) realClock

                     Capture       Launch     
        Clock Edge:+    1200            0     
       Src Latency:+       0            0     
       Net Latency:+       0 (I)        0 (I) 
           Arrival:=    1200            0     
                                              
  Gate Check Setup:-      96                  
     Required Time:=    1104                  
      Launch Clock:-       0                  
         Data Path:-     546                  
             Slack:=     558                  

#------------------------------------------------------------------------------------------------------------------------
#                Timing Point                  Flags    Arc   Edge    Cell      Fanout Load Trans Delay Arrival Instance 
#                                                                                      (fF)  (ps)  (ps)   (ps)  Location 
#------------------------------------------------------------------------------------------------------------------------
  Mem_MemInst_stage_reg[0]/CK                  -       -      R     (arrival)       34    -     0     0       0    (-,-) 
  Mem_MemInst_stage_reg[0]/QN                  -       CK->QN F     DFFRX1           1  4.7    76   192     192    (-,-) 
  g105953__9945/Y                              -       B->Y   F     OR2X6           32 74.9   211   194     386    (-,-) 
  g105082__1705/Y                              -       A->Y   R     NOR2X1           1  4.1   132   160     546    (-,-) 
  Mem_MemInst_RC_CG_HIER_INST22/RC_CGIC_INST/E -       -      R     TLATNTSCAX2      1    -     -     0     546    (-,-) 
#------------------------------------------------------------------------------------------------------------------------



Path 20: MET (558 ps) Clock Gating Setup Check at cgic pin Mem_MemInst_RC_CG_HIER_INST19/RC_CGIC_INST/E
          Group: cg_enable_group_realClock
     Startpoint: (R) Mem_MemInst_stage_reg[0]/CK
          Clock: (R) realClock
       Endpoint: (R) Mem_MemInst_RC_CG_HIER_INST19/RC_CGIC_INST/E
          Clock: (R) realClock

                     Capture       Launch     
        Clock Edge:+    1200            0     
       Src Latency:+       0            0     
       Net Latency:+       0 (I)        0 (I) 
           Arrival:=    1200            0     
                                              
  Gate Check Setup:-      96                  
     Required Time:=    1104                  
      Launch Clock:-       0                  
         Data Path:-     546                  
             Slack:=     558                  

#------------------------------------------------------------------------------------------------------------------------
#                Timing Point                  Flags    Arc   Edge    Cell      Fanout Load Trans Delay Arrival Instance 
#                                                                                      (fF)  (ps)  (ps)   (ps)  Location 
#------------------------------------------------------------------------------------------------------------------------
  Mem_MemInst_stage_reg[0]/CK                  -       -      R     (arrival)       34    -     0     0       0    (-,-) 
  Mem_MemInst_stage_reg[0]/QN                  -       CK->QN F     DFFRX1           1  4.7    76   192     192    (-,-) 
  g105953__9945/Y                              -       B->Y   F     OR2X6           32 74.9   211   194     386    (-,-) 
  g105083__5122/Y                              -       A->Y   R     NOR2X1           1  4.1   132   160     546    (-,-) 
  Mem_MemInst_RC_CG_HIER_INST19/RC_CGIC_INST/E -       -      R     TLATNTSCAX2      1    -     -     0     546    (-,-) 
#------------------------------------------------------------------------------------------------------------------------



Path 21: MET (558 ps) Clock Gating Setup Check at cgic pin Mem_MemInst_RC_CG_HIER_INST18/RC_CGIC_INST/E
          Group: cg_enable_group_realClock
     Startpoint: (R) Mem_MemInst_stage_reg[0]/CK
          Clock: (R) realClock
       Endpoint: (R) Mem_MemInst_RC_CG_HIER_INST18/RC_CGIC_INST/E
          Clock: (R) realClock

                     Capture       Launch     
        Clock Edge:+    1200            0     
       Src Latency:+       0            0     
       Net Latency:+       0 (I)        0 (I) 
           Arrival:=    1200            0     
                                              
  Gate Check Setup:-      96                  
     Required Time:=    1104                  
      Launch Clock:-       0                  
         Data Path:-     546                  
             Slack:=     558                  

#------------------------------------------------------------------------------------------------------------------------
#                Timing Point                  Flags    Arc   Edge    Cell      Fanout Load Trans Delay Arrival Instance 
#                                                                                      (fF)  (ps)  (ps)   (ps)  Location 
#------------------------------------------------------------------------------------------------------------------------
  Mem_MemInst_stage_reg[0]/CK                  -       -      R     (arrival)       34    -     0     0       0    (-,-) 
  Mem_MemInst_stage_reg[0]/QN                  -       CK->QN F     DFFRX1           1  4.7    76   192     192    (-,-) 
  g105953__9945/Y                              -       B->Y   F     OR2X6           32 74.9   211   194     386    (-,-) 
  g105077__5526/Y                              -       A->Y   R     NOR2X1           1  4.1   132   160     546    (-,-) 
  Mem_MemInst_RC_CG_HIER_INST18/RC_CGIC_INST/E -       -      R     TLATNTSCAX2      1    -     -     0     546    (-,-) 
#------------------------------------------------------------------------------------------------------------------------



Path 22: MET (558 ps) Clock Gating Setup Check at cgic pin Mem_MemInst_RC_CG_HIER_INST17/RC_CGIC_INST/E
          Group: cg_enable_group_realClock
     Startpoint: (R) Mem_MemInst_stage_reg[0]/CK
          Clock: (R) realClock
       Endpoint: (R) Mem_MemInst_RC_CG_HIER_INST17/RC_CGIC_INST/E
          Clock: (R) realClock

                     Capture       Launch     
        Clock Edge:+    1200            0     
       Src Latency:+       0            0     
       Net Latency:+       0 (I)        0 (I) 
           Arrival:=    1200            0     
                                              
  Gate Check Setup:-      96                  
     Required Time:=    1104                  
      Launch Clock:-       0                  
         Data Path:-     546                  
             Slack:=     558                  

#------------------------------------------------------------------------------------------------------------------------
#                Timing Point                  Flags    Arc   Edge    Cell      Fanout Load Trans Delay Arrival Instance 
#                                                                                      (fF)  (ps)  (ps)   (ps)  Location 
#------------------------------------------------------------------------------------------------------------------------
  Mem_MemInst_stage_reg[0]/CK                  -       -      R     (arrival)       34    -     0     0       0    (-,-) 
  Mem_MemInst_stage_reg[0]/QN                  -       CK->QN F     DFFRX1           1  4.7    76   192     192    (-,-) 
  g105953__9945/Y                              -       B->Y   F     OR2X6           32 74.9   211   194     386    (-,-) 
  g105075__4319/Y                              -       A->Y   R     NOR2X1           1  4.1   132   160     546    (-,-) 
  Mem_MemInst_RC_CG_HIER_INST17/RC_CGIC_INST/E -       -      R     TLATNTSCAX2      1    -     -     0     546    (-,-) 
#------------------------------------------------------------------------------------------------------------------------



Path 23: MET (558 ps) Clock Gating Setup Check at cgic pin Mem_MemInst_RC_CG_HIER_INST11/RC_CGIC_INST/E
          Group: cg_enable_group_realClock
     Startpoint: (R) Mem_MemInst_stage_reg[0]/CK
          Clock: (R) realClock
       Endpoint: (R) Mem_MemInst_RC_CG_HIER_INST11/RC_CGIC_INST/E
          Clock: (R) realClock

                     Capture       Launch     
        Clock Edge:+    1200            0     
       Src Latency:+       0            0     
       Net Latency:+       0 (I)        0 (I) 
           Arrival:=    1200            0     
                                              
  Gate Check Setup:-      96                  
     Required Time:=    1104                  
      Launch Clock:-       0                  
         Data Path:-     546                  
             Slack:=     558                  

#------------------------------------------------------------------------------------------------------------------------
#                Timing Point                  Flags    Arc   Edge    Cell      Fanout Load Trans Delay Arrival Instance 
#                                                                                      (fF)  (ps)  (ps)   (ps)  Location 
#------------------------------------------------------------------------------------------------------------------------
  Mem_MemInst_stage_reg[0]/CK                  -       -      R     (arrival)       34    -     0     0       0    (-,-) 
  Mem_MemInst_stage_reg[0]/QN                  -       CK->QN F     DFFRX1           1  4.7    76   192     192    (-,-) 
  g105953__9945/Y                              -       B->Y   F     OR2X6           32 74.9   211   194     386    (-,-) 
  g105081__2802/Y                              -       A->Y   R     NOR2X1           1  4.1   132   160     546    (-,-) 
  Mem_MemInst_RC_CG_HIER_INST11/RC_CGIC_INST/E -       -      R     TLATNTSCAX2      1    -     -     0     546    (-,-) 
#------------------------------------------------------------------------------------------------------------------------



Path 24: MET (558 ps) Clock Gating Setup Check at cgic pin Mem_MemInst_RC_CG_HIER_INST10/RC_CGIC_INST/E
          Group: cg_enable_group_realClock
     Startpoint: (R) Mem_MemInst_stage_reg[0]/CK
          Clock: (R) realClock
       Endpoint: (R) Mem_MemInst_RC_CG_HIER_INST10/RC_CGIC_INST/E
          Clock: (R) realClock

                     Capture       Launch     
        Clock Edge:+    1200            0     
       Src Latency:+       0            0     
       Net Latency:+       0 (I)        0 (I) 
           Arrival:=    1200            0     
                                              
  Gate Check Setup:-      96                  
     Required Time:=    1104                  
      Launch Clock:-       0                  
         Data Path:-     546                  
             Slack:=     558                  

#------------------------------------------------------------------------------------------------------------------------
#                Timing Point                  Flags    Arc   Edge    Cell      Fanout Load Trans Delay Arrival Instance 
#                                                                                      (fF)  (ps)  (ps)   (ps)  Location 
#------------------------------------------------------------------------------------------------------------------------
  Mem_MemInst_stage_reg[0]/CK                  -       -      R     (arrival)       34    -     0     0       0    (-,-) 
  Mem_MemInst_stage_reg[0]/QN                  -       CK->QN F     DFFRX1           1  4.7    76   192     192    (-,-) 
  g105953__9945/Y                              -       B->Y   F     OR2X6           32 74.9   211   194     386    (-,-) 
  g105079__3680/Y                              -       A->Y   R     NOR2X1           1  4.1   132   160     546    (-,-) 
  Mem_MemInst_RC_CG_HIER_INST10/RC_CGIC_INST/E -       -      R     TLATNTSCAX2      1    -     -     0     546    (-,-) 
#------------------------------------------------------------------------------------------------------------------------



Path 25: MET (558 ps) Clock Gating Setup Check at cgic pin Mem_MemInst_RC_CG_HIER_INST9/RC_CGIC_INST/E
          Group: cg_enable_group_realClock
     Startpoint: (R) Mem_MemInst_stage_reg[0]/CK
          Clock: (R) realClock
       Endpoint: (R) Mem_MemInst_RC_CG_HIER_INST9/RC_CGIC_INST/E
          Clock: (R) realClock

                     Capture       Launch     
        Clock Edge:+    1200            0     
       Src Latency:+       0            0     
       Net Latency:+       0 (I)        0 (I) 
           Arrival:=    1200            0     
                                              
  Gate Check Setup:-      96                  
     Required Time:=    1104                  
      Launch Clock:-       0                  
         Data Path:-     546                  
             Slack:=     558                  

#-----------------------------------------------------------------------------------------------------------------------
#                Timing Point                 Flags    Arc   Edge    Cell      Fanout Load Trans Delay Arrival Instance 
#                                                                                     (fF)  (ps)  (ps)   (ps)  Location 
#-----------------------------------------------------------------------------------------------------------------------
  Mem_MemInst_stage_reg[0]/CK                 -       -      R     (arrival)       34    -     0     0       0    (-,-) 
  Mem_MemInst_stage_reg[0]/QN                 -       CK->QN F     DFFRX1           1  4.7    76   192     192    (-,-) 
  g105953__9945/Y                             -       B->Y   F     OR2X6           32 74.9   211   194     386    (-,-) 
  g105103__4319/Y                             -       A->Y   R     NOR2X1           1  4.1   132   160     546    (-,-) 
  Mem_MemInst_RC_CG_HIER_INST9/RC_CGIC_INST/E -       -      R     TLATNTSCAX2      1    -     -     0     546    (-,-) 
#-----------------------------------------------------------------------------------------------------------------------



Path 26: MET (558 ps) Clock Gating Setup Check at cgic pin Mem_MemInst_RC_CG_HIER_INST8/RC_CGIC_INST/E
          Group: cg_enable_group_realClock
     Startpoint: (R) Mem_MemInst_stage_reg[0]/CK
          Clock: (R) realClock
       Endpoint: (R) Mem_MemInst_RC_CG_HIER_INST8/RC_CGIC_INST/E
          Clock: (R) realClock

                     Capture       Launch     
        Clock Edge:+    1200            0     
       Src Latency:+       0            0     
       Net Latency:+       0 (I)        0 (I) 
           Arrival:=    1200            0     
                                              
  Gate Check Setup:-      96                  
     Required Time:=    1104                  
      Launch Clock:-       0                  
         Data Path:-     546                  
             Slack:=     558                  

#-----------------------------------------------------------------------------------------------------------------------
#                Timing Point                 Flags    Arc   Edge    Cell      Fanout Load Trans Delay Arrival Instance 
#                                                                                     (fF)  (ps)  (ps)   (ps)  Location 
#-----------------------------------------------------------------------------------------------------------------------
  Mem_MemInst_stage_reg[0]/CK                 -       -      R     (arrival)       34    -     0     0       0    (-,-) 
  Mem_MemInst_stage_reg[0]/QN                 -       CK->QN F     DFFRX1           1  4.7    76   192     192    (-,-) 
  g105953__9945/Y                             -       B->Y   F     OR2X6           32 74.9   211   194     386    (-,-) 
  g105080__1617/Y                             -       A->Y   R     NOR2X1           1  4.1   132   160     546    (-,-) 
  Mem_MemInst_RC_CG_HIER_INST8/RC_CGIC_INST/E -       -      R     TLATNTSCAX2      1    -     -     0     546    (-,-) 
#-----------------------------------------------------------------------------------------------------------------------



Path 27: MET (558 ps) Clock Gating Setup Check at cgic pin Mem_MemInst_RC_CG_HIER_INST7/RC_CGIC_INST/E
          Group: cg_enable_group_realClock
     Startpoint: (R) Mem_MemInst_stage_reg[0]/CK
          Clock: (R) realClock
       Endpoint: (R) Mem_MemInst_RC_CG_HIER_INST7/RC_CGIC_INST/E
          Clock: (R) realClock

                     Capture       Launch     
        Clock Edge:+    1200            0     
       Src Latency:+       0            0     
       Net Latency:+       0 (I)        0 (I) 
           Arrival:=    1200            0     
                                              
  Gate Check Setup:-      96                  
     Required Time:=    1104                  
      Launch Clock:-       0                  
         Data Path:-     546                  
             Slack:=     558                  

#-----------------------------------------------------------------------------------------------------------------------
#                Timing Point                 Flags    Arc   Edge    Cell      Fanout Load Trans Delay Arrival Instance 
#                                                                                     (fF)  (ps)  (ps)   (ps)  Location 
#-----------------------------------------------------------------------------------------------------------------------
  Mem_MemInst_stage_reg[0]/CK                 -       -      R     (arrival)       34    -     0     0       0    (-,-) 
  Mem_MemInst_stage_reg[0]/QN                 -       CK->QN F     DFFRX1           1  4.7    76   192     192    (-,-) 
  g105953__9945/Y                             -       B->Y   F     OR2X6           32 74.9   211   194     386    (-,-) 
  g105084__8246/Y                             -       A->Y   R     NOR2X1           1  4.1   132   160     546    (-,-) 
  Mem_MemInst_RC_CG_HIER_INST7/RC_CGIC_INST/E -       -      R     TLATNTSCAX2      1    -     -     0     546    (-,-) 
#-----------------------------------------------------------------------------------------------------------------------



Path 28: MET (558 ps) Clock Gating Setup Check at cgic pin Mem_MemInst_RC_CG_HIER_INST6/RC_CGIC_INST/E
          Group: cg_enable_group_realClock
     Startpoint: (R) Mem_MemInst_stage_reg[0]/CK
          Clock: (R) realClock
       Endpoint: (R) Mem_MemInst_RC_CG_HIER_INST6/RC_CGIC_INST/E
          Clock: (R) realClock

                     Capture       Launch     
        Clock Edge:+    1200            0     
       Src Latency:+       0            0     
       Net Latency:+       0 (I)        0 (I) 
           Arrival:=    1200            0     
                                              
  Gate Check Setup:-      96                  
     Required Time:=    1104                  
      Launch Clock:-       0                  
         Data Path:-     546                  
             Slack:=     558                  

#-----------------------------------------------------------------------------------------------------------------------
#                Timing Point                 Flags    Arc   Edge    Cell      Fanout Load Trans Delay Arrival Instance 
#                                                                                     (fF)  (ps)  (ps)   (ps)  Location 
#-----------------------------------------------------------------------------------------------------------------------
  Mem_MemInst_stage_reg[0]/CK                 -       -      R     (arrival)       34    -     0     0       0    (-,-) 
  Mem_MemInst_stage_reg[0]/QN                 -       CK->QN F     DFFRX1           1  4.7    76   192     192    (-,-) 
  g105953__9945/Y                             -       B->Y   F     OR2X6           32 74.9   211   194     386    (-,-) 
  g105074__6260/Y                             -       A->Y   R     NOR2X1           1  4.1   132   160     546    (-,-) 
  Mem_MemInst_RC_CG_HIER_INST6/RC_CGIC_INST/E -       -      R     TLATNTSCAX2      1    -     -     0     546    (-,-) 
#-----------------------------------------------------------------------------------------------------------------------



Path 29: MET (558 ps) Clock Gating Setup Check at cgic pin Mem_MemInst_RC_CG_HIER_INST5/RC_CGIC_INST/E
          Group: cg_enable_group_realClock
     Startpoint: (R) Mem_MemInst_stage_reg[0]/CK
          Clock: (R) realClock
       Endpoint: (R) Mem_MemInst_RC_CG_HIER_INST5/RC_CGIC_INST/E
          Clock: (R) realClock

                     Capture       Launch     
        Clock Edge:+    1200            0     
       Src Latency:+       0            0     
       Net Latency:+       0 (I)        0 (I) 
           Arrival:=    1200            0     
                                              
  Gate Check Setup:-      96                  
     Required Time:=    1104                  
      Launch Clock:-       0                  
         Data Path:-     546                  
             Slack:=     558                  

#-----------------------------------------------------------------------------------------------------------------------
#                Timing Point                 Flags    Arc   Edge    Cell      Fanout Load Trans Delay Arrival Instance 
#                                                                                     (fF)  (ps)  (ps)   (ps)  Location 
#-----------------------------------------------------------------------------------------------------------------------
  Mem_MemInst_stage_reg[0]/CK                 -       -      R     (arrival)       34    -     0     0       0    (-,-) 
  Mem_MemInst_stage_reg[0]/QN                 -       CK->QN F     DFFRX1           1  4.7    76   192     192    (-,-) 
  g105953__9945/Y                             -       B->Y   F     OR2X6           32 74.9   211   194     386    (-,-) 
  g105093__9945/Y                             -       A->Y   R     NOR2X1           1  4.1   132   160     546    (-,-) 
  Mem_MemInst_RC_CG_HIER_INST5/RC_CGIC_INST/E -       -      R     TLATNTSCAX2      1    -     -     0     546    (-,-) 
#-----------------------------------------------------------------------------------------------------------------------



Path 30: MET (558 ps) Clock Gating Setup Check at cgic pin Mem_MemInst_RC_CG_HIER_INST4/RC_CGIC_INST/E
          Group: cg_enable_group_realClock
     Startpoint: (R) Mem_MemInst_stage_reg[0]/CK
          Clock: (R) realClock
       Endpoint: (R) Mem_MemInst_RC_CG_HIER_INST4/RC_CGIC_INST/E
          Clock: (R) realClock

                     Capture       Launch     
        Clock Edge:+    1200            0     
       Src Latency:+       0            0     
       Net Latency:+       0 (I)        0 (I) 
           Arrival:=    1200            0     
                                              
  Gate Check Setup:-      96                  
     Required Time:=    1104                  
      Launch Clock:-       0                  
         Data Path:-     546                  
             Slack:=     558                  

#-----------------------------------------------------------------------------------------------------------------------
#                Timing Point                 Flags    Arc   Edge    Cell      Fanout Load Trans Delay Arrival Instance 
#                                                                                     (fF)  (ps)  (ps)   (ps)  Location 
#-----------------------------------------------------------------------------------------------------------------------
  Mem_MemInst_stage_reg[0]/CK                 -       -      R     (arrival)       34    -     0     0       0    (-,-) 
  Mem_MemInst_stage_reg[0]/QN                 -       CK->QN F     DFFRX1           1  4.7    76   192     192    (-,-) 
  g105953__9945/Y                             -       B->Y   F     OR2X6           32 74.9   211   194     386    (-,-) 
  g105097__7410/Y                             -       A->Y   R     NOR2X1           1  4.1   132   160     546    (-,-) 
  Mem_MemInst_RC_CG_HIER_INST4/RC_CGIC_INST/E -       -      R     TLATNTSCAX2      1    -     -     0     546    (-,-) 
#-----------------------------------------------------------------------------------------------------------------------



Path 31: MET (558 ps) Clock Gating Setup Check at cgic pin Mem_MemInst_RC_CG_HIER_INST3/RC_CGIC_INST/E
          Group: cg_enable_group_realClock
     Startpoint: (R) Mem_MemInst_stage_reg[0]/CK
          Clock: (R) realClock
       Endpoint: (R) Mem_MemInst_RC_CG_HIER_INST3/RC_CGIC_INST/E
          Clock: (R) realClock

                     Capture       Launch     
        Clock Edge:+    1200            0     
       Src Latency:+       0            0     
       Net Latency:+       0 (I)        0 (I) 
           Arrival:=    1200            0     
                                              
  Gate Check Setup:-      96                  
     Required Time:=    1104                  
      Launch Clock:-       0                  
         Data Path:-     546                  
             Slack:=     558                  

#-----------------------------------------------------------------------------------------------------------------------
#                Timing Point                 Flags    Arc   Edge    Cell      Fanout Load Trans Delay Arrival Instance 
#                                                                                     (fF)  (ps)  (ps)   (ps)  Location 
#-----------------------------------------------------------------------------------------------------------------------
  Mem_MemInst_stage_reg[0]/CK                 -       -      R     (arrival)       34    -     0     0       0    (-,-) 
  Mem_MemInst_stage_reg[0]/QN                 -       CK->QN F     DFFRX1           1  4.7    76   192     192    (-,-) 
  g105953__9945/Y                             -       B->Y   F     OR2X6           32 74.9   211   194     386    (-,-) 
  g105102__6260/Y                             -       A->Y   R     NOR2X1           1  4.1   132   160     546    (-,-) 
  Mem_MemInst_RC_CG_HIER_INST3/RC_CGIC_INST/E -       -      R     TLATNTSCAX2      1    -     -     0     546    (-,-) 
#-----------------------------------------------------------------------------------------------------------------------



Path 32: MET (558 ps) Clock Gating Setup Check at cgic pin Mem_MemInst_RC_CG_HIER_INST2/RC_CGIC_INST/E
          Group: cg_enable_group_realClock
     Startpoint: (R) Mem_MemInst_stage_reg[0]/CK
          Clock: (R) realClock
       Endpoint: (R) Mem_MemInst_RC_CG_HIER_INST2/RC_CGIC_INST/E
          Clock: (R) realClock

                     Capture       Launch     
        Clock Edge:+    1200            0     
       Src Latency:+       0            0     
       Net Latency:+       0 (I)        0 (I) 
           Arrival:=    1200            0     
                                              
  Gate Check Setup:-      96                  
     Required Time:=    1104                  
      Launch Clock:-       0                  
         Data Path:-     546                  
             Slack:=     558                  

#-----------------------------------------------------------------------------------------------------------------------
#                Timing Point                 Flags    Arc   Edge    Cell      Fanout Load Trans Delay Arrival Instance 
#                                                                                     (fF)  (ps)  (ps)   (ps)  Location 
#-----------------------------------------------------------------------------------------------------------------------
  Mem_MemInst_stage_reg[0]/CK                 -       -      R     (arrival)       34    -     0     0       0    (-,-) 
  Mem_MemInst_stage_reg[0]/QN                 -       CK->QN F     DFFRX1           1  4.7    76   192     192    (-,-) 
  g105953__9945/Y                             -       B->Y   F     OR2X6           32 74.9   211   194     386    (-,-) 
  g105100__2398/Y                             -       A->Y   R     NOR2X1           1  4.1   132   160     546    (-,-) 
  Mem_MemInst_RC_CG_HIER_INST2/RC_CGIC_INST/E -       -      R     TLATNTSCAX2      1    -     -     0     546    (-,-) 
#-----------------------------------------------------------------------------------------------------------------------



Path 33: MET (558 ps) Clock Gating Setup Check at cgic pin Mem_MemInst_RC_CG_HIER_INST1/RC_CGIC_INST/E
          Group: cg_enable_group_realClock
     Startpoint: (R) Mem_MemInst_stage_reg[0]/CK
          Clock: (R) realClock
       Endpoint: (R) Mem_MemInst_RC_CG_HIER_INST1/RC_CGIC_INST/E
          Clock: (R) realClock

                     Capture       Launch     
        Clock Edge:+    1200            0     
       Src Latency:+       0            0     
       Net Latency:+       0 (I)        0 (I) 
           Arrival:=    1200            0     
                                              
  Gate Check Setup:-      96                  
     Required Time:=    1104                  
      Launch Clock:-       0                  
         Data Path:-     546                  
             Slack:=     558                  

#-----------------------------------------------------------------------------------------------------------------------
#                Timing Point                 Flags    Arc   Edge    Cell      Fanout Load Trans Delay Arrival Instance 
#                                                                                     (fF)  (ps)  (ps)   (ps)  Location 
#-----------------------------------------------------------------------------------------------------------------------
  Mem_MemInst_stage_reg[0]/CK                 -       -      R     (arrival)       34    -     0     0       0    (-,-) 
  Mem_MemInst_stage_reg[0]/QN                 -       CK->QN F     DFFRX1           1  4.7    76   192     192    (-,-) 
  g105953__9945/Y                             -       B->Y   F     OR2X6           32 74.9   211   194     386    (-,-) 
  g105099__5477/Y                             -       A->Y   R     NOR2X1           1  4.1   132   160     546    (-,-) 
  Mem_MemInst_RC_CG_HIER_INST1/RC_CGIC_INST/E -       -      R     TLATNTSCAX2      1    -     -     0     546    (-,-) 
#-----------------------------------------------------------------------------------------------------------------------

Some unconstrained paths have not been displayed.
Use -unconstrained or set the root attribute 'timing_report_unconstrained' to 'true' to see only these unconstrained paths.

